2023-03-10 12:47:26,679 INFO [main][StartupInfoLogger.java:55] - Starting XuechengPlusContentServiceApplication on LAPTOP-I3SPG6LV with PID 1552 (D:\SpringBoot\xuecheng-plus\xuecheng-plus-content\xuecheng-plus-content-service\target\classes started by 卓鑫 in D:\SpringBoot\xuecheng-plus)
2023-03-10 12:47:26,679 INFO [main][StartupInfoLogger.java:55] - Starting XuechengPlusContentServiceApplication on LAPTOP-I3SPG6LV with PID 1552 (D:\SpringBoot\xuecheng-plus\xuecheng-plus-content\xuecheng-plus-content-service\target\classes started by 卓鑫 in D:\SpringBoot\xuecheng-plus)
2023-03-10 12:47:26,689 DEBUG [main][StartupInfoLogger.java:56] - Running with Spring Boot v2.3.7.RELEASE, Spring v5.2.12.RELEASE
2023-03-10 12:47:26,689 DEBUG [main][StartupInfoLogger.java:56] - Running with Spring Boot v2.3.7.RELEASE, Spring v5.2.12.RELEASE
2023-03-10 12:47:26,690 INFO [main][SpringApplication.java:651] - No active profile set, falling back to default profiles: default
2023-03-10 12:47:26,690 INFO [main][SpringApplication.java:651] - No active profile set, falling back to default profiles: default
2023-03-10 12:47:27,019 DEBUG [main][MybatisPlusAutoConfiguration.java:278] - Searching for mappers annotated with @Mapper
2023-03-10 12:47:27,019 DEBUG [main][MybatisPlusAutoConfiguration.java:278] - Searching for mappers annotated with @Mapper
2023-03-10 12:47:27,027 DEBUG [main][MybatisPlusAutoConfiguration.java:282] - Using auto-configuration base package 'com.zhuoxin'
2023-03-10 12:47:27,027 DEBUG [main][MybatisPlusAutoConfiguration.java:282] - Using auto-configuration base package 'com.zhuoxin'
2023-03-10 12:47:27,080 DEBUG [main][LogFactory.java:105] - Logging initialized using 'class org.apache.ibatis.logging.slf4j.Slf4jImpl' adapter.
2023-03-10 12:47:27,080 DEBUG [main][LogFactory.java:105] - Logging initialized using 'class org.apache.ibatis.logging.slf4j.Slf4jImpl' adapter.
2023-03-10 12:47:27,216 DEBUG [main][HikariConfig.java:946] - Driver class com.mysql.cj.jdbc.Driver found in Thread context class loader sun.misc.Launcher$AppClassLoader@18b4aac2
2023-03-10 12:47:27,216 DEBUG [main][HikariConfig.java:946] - Driver class com.mysql.cj.jdbc.Driver found in Thread context class loader sun.misc.Launcher$AppClassLoader@18b4aac2
2023-03-10 12:47:27,238 DEBUG [main][MybatisPlusAutoConfiguration.java:314] - Not found configuration for registering mapper bean using @MapperScan, MapperFactoryBean and MapperScannerConfigurer.
2023-03-10 12:47:27,238 DEBUG [main][MybatisPlusAutoConfiguration.java:314] - Not found configuration for registering mapper bean using @MapperScan, MapperFactoryBean and MapperScannerConfigurer.
2023-03-10 12:47:27,288 DEBUG [main][Logger.java:49] - Property 'mapperLocations' was not specified.
2023-03-10 12:47:27,288 DEBUG [main][Logger.java:49] - Property 'mapperLocations' was not specified.
2023-03-10 12:47:28,163 ERROR [main][MapperFactoryBean.java:82] - Error while adding the mapper 'interface com.zhuoxin.content.mapper.CourseBaseMapper' to configuration.
org.apache.ibatis.builder.BuilderException: Error parsing Mapper XML. The XML location is 'com/zhuoxin/content/mapper/CourseBaseMapper.xml'. Cause: org.apache.ibatis.builder.BuilderException: Error resolving class. Cause: org.apache.ibatis.type.TypeException: Could not resolve type alias 'com.xuecheng.content.model.po.CourseBase'.  Cause: java.lang.ClassNotFoundException: Cannot find class: com.xuecheng.content.model.po.CourseBase
	at org.apache.ibatis.builder.xml.XMLMapperBuilder.configurationElement(XMLMapperBuilder.java:123)
	at org.apache.ibatis.builder.xml.XMLMapperBuilder.parse(XMLMapperBuilder.java:95)
	at com.baomidou.mybatisplus.core.MybatisMapperAnnotationBuilder.loadXmlResource(MybatisMapperAnnotationBuilder.java:174)
	at com.baomidou.mybatisplus.core.MybatisMapperAnnotationBuilder.parse(MybatisMapperAnnotationBuilder.java:94)
	at com.baomidou.mybatisplus.core.MybatisMapperRegistry.addMapper(MybatisMapperRegistry.java:83)
	at com.baomidou.mybatisplus.core.MybatisConfiguration.addMapper(MybatisConfiguration.java:152)
	at org.mybatis.spring.mapper.MapperFactoryBean.checkDaoConfig(MapperFactoryBean.java:80)
	at org.springframework.dao.support.DaoSupport.afterPropertiesSet(DaoSupport.java:44)
	at org.springframework.beans.factory.support.AbstractAutowireCapableBeanFactory.invokeInitMethods(AbstractAutowireCapableBeanFactory.java:1853)
	at org.springframework.beans.factory.support.AbstractAutowireCapableBeanFactory.initializeBean(AbstractAutowireCapableBeanFactory.java:1790)
	at org.springframework.beans.factory.support.AbstractAutowireCapableBeanFactory.doCreateBean(AbstractAutowireCapableBeanFactory.java:594)
	at org.springframework.beans.factory.support.AbstractAutowireCapableBeanFactory.createBean(AbstractAutowireCapableBeanFactory.java:516)
	at org.springframework.beans.factory.support.AbstractBeanFactory.lambda$doGetBean$0(AbstractBeanFactory.java:324)
	at org.springframework.beans.factory.support.DefaultSingletonBeanRegistry.getSingleton(DefaultSingletonBeanRegistry.java:234)
	at org.springframework.beans.factory.support.AbstractBeanFactory.doGetBean(AbstractBeanFactory.java:322)
	at org.springframework.beans.factory.support.AbstractBeanFactory.getBean(AbstractBeanFactory.java:202)
	at org.springframework.beans.factory.support.DefaultListableBeanFactory.preInstantiateSingletons(DefaultListableBeanFactory.java:878)
	at org.springframework.context.support.AbstractApplicationContext.finishBeanFactoryInitialization(AbstractApplicationContext.java:879)
	at org.springframework.context.support.AbstractApplicationContext.refresh(AbstractApplicationContext.java:551)
	at org.springframework.boot.SpringApplication.refresh(SpringApplication.java:758)
	at org.springframework.boot.SpringApplication.refresh(SpringApplication.java:750)
	at org.springframework.boot.SpringApplication.refreshContext(SpringApplication.java:405)
	at org.springframework.boot.SpringApplication.run(SpringApplication.java:315)
	at org.springframework.boot.SpringApplication.run(SpringApplication.java:1237)
	at org.springframework.boot.SpringApplication.run(SpringApplication.java:1226)
	at com.zhuoxin.XuechengPlusContentServiceApplication.main(XuechengPlusContentServiceApplication.java:10)
Caused by: org.apache.ibatis.builder.BuilderException: Error resolving class. Cause: org.apache.ibatis.type.TypeException: Could not resolve type alias 'com.xuecheng.content.model.po.CourseBase'.  Cause: java.lang.ClassNotFoundException: Cannot find class: com.xuecheng.content.model.po.CourseBase
	at org.apache.ibatis.builder.BaseBuilder.resolveClass(BaseBuilder.java:118)
	at org.apache.ibatis.builder.xml.XMLMapperBuilder.resultMapElement(XMLMapperBuilder.java:263)
	at org.apache.ibatis.builder.xml.XMLMapperBuilder.resultMapElement(XMLMapperBuilder.java:254)
	at org.apache.ibatis.builder.xml.XMLMapperBuilder.resultMapElements(XMLMapperBuilder.java:246)
	at org.apache.ibatis.builder.xml.XMLMapperBuilder.configurationElement(XMLMapperBuilder.java:119)
	... 25 more
Caused by: org.apache.ibatis.type.TypeException: Could not resolve type alias 'com.xuecheng.content.model.po.CourseBase'.  Cause: java.lang.ClassNotFoundException: Cannot find class: com.xuecheng.content.model.po.CourseBase
	at org.apache.ibatis.type.TypeAliasRegistry.resolveAlias(TypeAliasRegistry.java:120)
	at org.apache.ibatis.builder.BaseBuilder.resolveAlias(BaseBuilder.java:149)
	at org.apache.ibatis.builder.BaseBuilder.resolveClass(BaseBuilder.java:116)
	... 29 more
Caused by: java.lang.ClassNotFoundException: Cannot find class: com.xuecheng.content.model.po.CourseBase
	at org.apache.ibatis.io.ClassLoaderWrapper.classForName(ClassLoaderWrapper.java:196)
	at org.apache.ibatis.io.ClassLoaderWrapper.classForName(ClassLoaderWrapper.java:89)
	at org.apache.ibatis.io.Resources.classForName(Resources.java:261)
	at org.apache.ibatis.type.TypeAliasRegistry.resolveAlias(TypeAliasRegistry.java:116)
	... 31 more
2023-03-10 12:47:28,169 WARN [main][AbstractApplicationContext.java:559] - Exception encountered during context initialization - cancelling refresh attempt: org.springframework.beans.factory.BeanCreationException: Error creating bean with name 'courseBaseMapper' defined in file [D:\SpringBoot\xuecheng-plus\xuecheng-plus-content\xuecheng-plus-content-service\target\classes\com\zhuoxin\content\mapper\CourseBaseMapper.class]: Invocation of init method failed; nested exception is java.lang.IllegalArgumentException: org.apache.ibatis.builder.BuilderException: Error parsing Mapper XML. The XML location is 'com/zhuoxin/content/mapper/CourseBaseMapper.xml'. Cause: org.apache.ibatis.builder.BuilderException: Error resolving class. Cause: org.apache.ibatis.type.TypeException: Could not resolve type alias 'com.xuecheng.content.model.po.CourseBase'.  Cause: java.lang.ClassNotFoundException: Cannot find class: com.xuecheng.content.model.po.CourseBase
2023-03-10 12:47:28,163 ERROR [main][MapperFactoryBean.java:82] - Error while adding the mapper 'interface com.zhuoxin.content.mapper.CourseBaseMapper' to configuration.
org.apache.ibatis.builder.BuilderException: Error parsing Mapper XML. The XML location is 'com/zhuoxin/content/mapper/CourseBaseMapper.xml'. Cause: org.apache.ibatis.builder.BuilderException: Error resolving class. Cause: org.apache.ibatis.type.TypeException: Could not resolve type alias 'com.xuecheng.content.model.po.CourseBase'.  Cause: java.lang.ClassNotFoundException: Cannot find class: com.xuecheng.content.model.po.CourseBase
	at org.apache.ibatis.builder.xml.XMLMapperBuilder.configurationElement(XMLMapperBuilder.java:123)
	at org.apache.ibatis.builder.xml.XMLMapperBuilder.parse(XMLMapperBuilder.java:95)
	at com.baomidou.mybatisplus.core.MybatisMapperAnnotationBuilder.loadXmlResource(MybatisMapperAnnotationBuilder.java:174)
	at com.baomidou.mybatisplus.core.MybatisMapperAnnotationBuilder.parse(MybatisMapperAnnotationBuilder.java:94)
	at com.baomidou.mybatisplus.core.MybatisMapperRegistry.addMapper(MybatisMapperRegistry.java:83)
	at com.baomidou.mybatisplus.core.MybatisConfiguration.addMapper(MybatisConfiguration.java:152)
	at org.mybatis.spring.mapper.MapperFactoryBean.checkDaoConfig(MapperFactoryBean.java:80)
	at org.springframework.dao.support.DaoSupport.afterPropertiesSet(DaoSupport.java:44)
	at org.springframework.beans.factory.support.AbstractAutowireCapableBeanFactory.invokeInitMethods(AbstractAutowireCapableBeanFactory.java:1853)
	at org.springframework.beans.factory.support.AbstractAutowireCapableBeanFactory.initializeBean(AbstractAutowireCapableBeanFactory.java:1790)
	at org.springframework.beans.factory.support.AbstractAutowireCapableBeanFactory.doCreateBean(AbstractAutowireCapableBeanFactory.java:594)
	at org.springframework.beans.factory.support.AbstractAutowireCapableBeanFactory.createBean(AbstractAutowireCapableBeanFactory.java:516)
	at org.springframework.beans.factory.support.AbstractBeanFactory.lambda$doGetBean$0(AbstractBeanFactory.java:324)
	at org.springframework.beans.factory.support.DefaultSingletonBeanRegistry.getSingleton(DefaultSingletonBeanRegistry.java:234)
	at org.springframework.beans.factory.support.AbstractBeanFactory.doGetBean(AbstractBeanFactory.java:322)
	at org.springframework.beans.factory.support.AbstractBeanFactory.getBean(AbstractBeanFactory.java:202)
	at org.springframework.beans.factory.support.DefaultListableBeanFactory.preInstantiateSingletons(DefaultListableBeanFactory.java:878)
	at org.springframework.context.support.AbstractApplicationContext.finishBeanFactoryInitialization(AbstractApplicationContext.java:879)
	at org.springframework.context.support.AbstractApplicationContext.refresh(AbstractApplicationContext.java:551)
	at org.springframework.boot.SpringApplication.refresh(SpringApplication.java:758)
	at org.springframework.boot.SpringApplication.refresh(SpringApplication.java:750)
	at org.springframework.boot.SpringApplication.refreshContext(SpringApplication.java:405)
	at org.springframework.boot.SpringApplication.run(SpringApplication.java:315)
	at org.springframework.boot.SpringApplication.run(SpringApplication.java:1237)
	at org.springframework.boot.SpringApplication.run(SpringApplication.java:1226)
	at com.zhuoxin.XuechengPlusContentServiceApplication.main(XuechengPlusContentServiceApplication.java:10)
Caused by: org.apache.ibatis.builder.BuilderException: Error resolving class. Cause: org.apache.ibatis.type.TypeException: Could not resolve type alias 'com.xuecheng.content.model.po.CourseBase'.  Cause: java.lang.ClassNotFoundException: Cannot find class: com.xuecheng.content.model.po.CourseBase
	at org.apache.ibatis.builder.BaseBuilder.resolveClass(BaseBuilder.java:118)
	at org.apache.ibatis.builder.xml.XMLMapperBuilder.resultMapElement(XMLMapperBuilder.java:263)
	at org.apache.ibatis.builder.xml.XMLMapperBuilder.resultMapElement(XMLMapperBuilder.java:254)
	at org.apache.ibatis.builder.xml.XMLMapperBuilder.resultMapElements(XMLMapperBuilder.java:246)
	at org.apache.ibatis.builder.xml.XMLMapperBuilder.configurationElement(XMLMapperBuilder.java:119)
	... 25 more
Caused by: org.apache.ibatis.type.TypeException: Could not resolve type alias 'com.xuecheng.content.model.po.CourseBase'.  Cause: java.lang.ClassNotFoundException: Cannot find class: com.xuecheng.content.model.po.CourseBase
	at org.apache.ibatis.type.TypeAliasRegistry.resolveAlias(TypeAliasRegistry.java:120)
	at org.apache.ibatis.builder.BaseBuilder.resolveAlias(BaseBuilder.java:149)
	at org.apache.ibatis.builder.BaseBuilder.resolveClass(BaseBuilder.java:116)
	... 29 more
Caused by: java.lang.ClassNotFoundException: Cannot find class: com.xuecheng.content.model.po.CourseBase
	at org.apache.ibatis.io.ClassLoaderWrapper.classForName(ClassLoaderWrapper.java:196)
	at org.apache.ibatis.io.ClassLoaderWrapper.classForName(ClassLoaderWrapper.java:89)
	at org.apache.ibatis.io.Resources.classForName(Resources.java:261)
	at org.apache.ibatis.type.TypeAliasRegistry.resolveAlias(TypeAliasRegistry.java:116)
	... 31 more
2023-03-10 12:47:28,169 WARN [main][AbstractApplicationContext.java:559] - Exception encountered during context initialization - cancelling refresh attempt: org.springframework.beans.factory.BeanCreationException: Error creating bean with name 'courseBaseMapper' defined in file [D:\SpringBoot\xuecheng-plus\xuecheng-plus-content\xuecheng-plus-content-service\target\classes\com\zhuoxin\content\mapper\CourseBaseMapper.class]: Invocation of init method failed; nested exception is java.lang.IllegalArgumentException: org.apache.ibatis.builder.BuilderException: Error parsing Mapper XML. The XML location is 'com/zhuoxin/content/mapper/CourseBaseMapper.xml'. Cause: org.apache.ibatis.builder.BuilderException: Error resolving class. Cause: org.apache.ibatis.type.TypeException: Could not resolve type alias 'com.xuecheng.content.model.po.CourseBase'.  Cause: java.lang.ClassNotFoundException: Cannot find class: com.xuecheng.content.model.po.CourseBase
2023-03-10 12:47:28,175 INFO [main][ConditionEvaluationReportLoggingListener.java:136] - 

Error starting ApplicationContext. To display the conditions report re-run your application with 'debug' enabled.
2023-03-10 12:47:28,175 INFO [main][ConditionEvaluationReportLoggingListener.java:136] - 

Error starting ApplicationContext. To display the conditions report re-run your application with 'debug' enabled.
2023-03-10 12:47:28,185 ERROR [main][SpringApplication.java:837] - Application run failed
org.springframework.beans.factory.BeanCreationException: Error creating bean with name 'courseBaseMapper' defined in file [D:\SpringBoot\xuecheng-plus\xuecheng-plus-content\xuecheng-plus-content-service\target\classes\com\zhuoxin\content\mapper\CourseBaseMapper.class]: Invocation of init method failed; nested exception is java.lang.IllegalArgumentException: org.apache.ibatis.builder.BuilderException: Error parsing Mapper XML. The XML location is 'com/zhuoxin/content/mapper/CourseBaseMapper.xml'. Cause: org.apache.ibatis.builder.BuilderException: Error resolving class. Cause: org.apache.ibatis.type.TypeException: Could not resolve type alias 'com.xuecheng.content.model.po.CourseBase'.  Cause: java.lang.ClassNotFoundException: Cannot find class: com.xuecheng.content.model.po.CourseBase
	at org.springframework.beans.factory.support.AbstractAutowireCapableBeanFactory.initializeBean(AbstractAutowireCapableBeanFactory.java:1794)
	at org.springframework.beans.factory.support.AbstractAutowireCapableBeanFactory.doCreateBean(AbstractAutowireCapableBeanFactory.java:594)
	at org.springframework.beans.factory.support.AbstractAutowireCapableBeanFactory.createBean(AbstractAutowireCapableBeanFactory.java:516)
	at org.springframework.beans.factory.support.AbstractBeanFactory.lambda$doGetBean$0(AbstractBeanFactory.java:324)
	at org.springframework.beans.factory.support.DefaultSingletonBeanRegistry.getSingleton(DefaultSingletonBeanRegistry.java:234)
	at org.springframework.beans.factory.support.AbstractBeanFactory.doGetBean(AbstractBeanFactory.java:322)
	at org.springframework.beans.factory.support.AbstractBeanFactory.getBean(AbstractBeanFactory.java:202)
	at org.springframework.beans.factory.support.DefaultListableBeanFactory.preInstantiateSingletons(DefaultListableBeanFactory.java:878)
	at org.springframework.context.support.AbstractApplicationContext.finishBeanFactoryInitialization(AbstractApplicationContext.java:879)
	at org.springframework.context.support.AbstractApplicationContext.refresh(AbstractApplicationContext.java:551)
	at org.springframework.boot.SpringApplication.refresh(SpringApplication.java:758)
	at org.springframework.boot.SpringApplication.refresh(SpringApplication.java:750)
	at org.springframework.boot.SpringApplication.refreshContext(SpringApplication.java:405)
	at org.springframework.boot.SpringApplication.run(SpringApplication.java:315)
	at org.springframework.boot.SpringApplication.run(SpringApplication.java:1237)
	at org.springframework.boot.SpringApplication.run(SpringApplication.java:1226)
	at com.zhuoxin.XuechengPlusContentServiceApplication.main(XuechengPlusContentServiceApplication.java:10)
Caused by: java.lang.IllegalArgumentException: org.apache.ibatis.builder.BuilderException: Error parsing Mapper XML. The XML location is 'com/zhuoxin/content/mapper/CourseBaseMapper.xml'. Cause: org.apache.ibatis.builder.BuilderException: Error resolving class. Cause: org.apache.ibatis.type.TypeException: Could not resolve type alias 'com.xuecheng.content.model.po.CourseBase'.  Cause: java.lang.ClassNotFoundException: Cannot find class: com.xuecheng.content.model.po.CourseBase
	at org.mybatis.spring.mapper.MapperFactoryBean.checkDaoConfig(MapperFactoryBean.java:83)
	at org.springframework.dao.support.DaoSupport.afterPropertiesSet(DaoSupport.java:44)
	at org.springframework.beans.factory.support.AbstractAutowireCapableBeanFactory.invokeInitMethods(AbstractAutowireCapableBeanFactory.java:1853)
	at org.springframework.beans.factory.support.AbstractAutowireCapableBeanFactory.initializeBean(AbstractAutowireCapableBeanFactory.java:1790)
	... 16 more
Caused by: org.apache.ibatis.builder.BuilderException: Error parsing Mapper XML. The XML location is 'com/zhuoxin/content/mapper/CourseBaseMapper.xml'. Cause: org.apache.ibatis.builder.BuilderException: Error resolving class. Cause: org.apache.ibatis.type.TypeException: Could not resolve type alias 'com.xuecheng.content.model.po.CourseBase'.  Cause: java.lang.ClassNotFoundException: Cannot find class: com.xuecheng.content.model.po.CourseBase
	at org.apache.ibatis.builder.xml.XMLMapperBuilder.configurationElement(XMLMapperBuilder.java:123)
	at org.apache.ibatis.builder.xml.XMLMapperBuilder.parse(XMLMapperBuilder.java:95)
	at com.baomidou.mybatisplus.core.MybatisMapperAnnotationBuilder.loadXmlResource(MybatisMapperAnnotationBuilder.java:174)
	at com.baomidou.mybatisplus.core.MybatisMapperAnnotationBuilder.parse(MybatisMapperAnnotationBuilder.java:94)
	at com.baomidou.mybatisplus.core.MybatisMapperRegistry.addMapper(MybatisMapperRegistry.java:83)
	at com.baomidou.mybatisplus.core.MybatisConfiguration.addMapper(MybatisConfiguration.java:152)
	at org.mybatis.spring.mapper.MapperFactoryBean.checkDaoConfig(MapperFactoryBean.java:80)
	... 19 more
Caused by: org.apache.ibatis.builder.BuilderException: Error resolving class. Cause: org.apache.ibatis.type.TypeException: Could not resolve type alias 'com.xuecheng.content.model.po.CourseBase'.  Cause: java.lang.ClassNotFoundException: Cannot find class: com.xuecheng.content.model.po.CourseBase
	at org.apache.ibatis.builder.BaseBuilder.resolveClass(BaseBuilder.java:118)
	at org.apache.ibatis.builder.xml.XMLMapperBuilder.resultMapElement(XMLMapperBuilder.java:263)
	at org.apache.ibatis.builder.xml.XMLMapperBuilder.resultMapElement(XMLMapperBuilder.java:254)
	at org.apache.ibatis.builder.xml.XMLMapperBuilder.resultMapElements(XMLMapperBuilder.java:246)
	at org.apache.ibatis.builder.xml.XMLMapperBuilder.configurationElement(XMLMapperBuilder.java:119)
	... 25 more
Caused by: org.apache.ibatis.type.TypeException: Could not resolve type alias 'com.xuecheng.content.model.po.CourseBase'.  Cause: java.lang.ClassNotFoundException: Cannot find class: com.xuecheng.content.model.po.CourseBase
	at org.apache.ibatis.type.TypeAliasRegistry.resolveAlias(TypeAliasRegistry.java:120)
	at org.apache.ibatis.builder.BaseBuilder.resolveAlias(BaseBuilder.java:149)
	at org.apache.ibatis.builder.BaseBuilder.resolveClass(BaseBuilder.java:116)
	... 29 more
Caused by: java.lang.ClassNotFoundException: Cannot find class: com.xuecheng.content.model.po.CourseBase
	at org.apache.ibatis.io.ClassLoaderWrapper.classForName(ClassLoaderWrapper.java:196)
	at org.apache.ibatis.io.ClassLoaderWrapper.classForName(ClassLoaderWrapper.java:89)
	at org.apache.ibatis.io.Resources.classForName(Resources.java:261)
	at org.apache.ibatis.type.TypeAliasRegistry.resolveAlias(TypeAliasRegistry.java:116)
	... 31 more
2023-03-10 12:47:28,185 ERROR [main][SpringApplication.java:837] - Application run failed
org.springframework.beans.factory.BeanCreationException: Error creating bean with name 'courseBaseMapper' defined in file [D:\SpringBoot\xuecheng-plus\xuecheng-plus-content\xuecheng-plus-content-service\target\classes\com\zhuoxin\content\mapper\CourseBaseMapper.class]: Invocation of init method failed; nested exception is java.lang.IllegalArgumentException: org.apache.ibatis.builder.BuilderException: Error parsing Mapper XML. The XML location is 'com/zhuoxin/content/mapper/CourseBaseMapper.xml'. Cause: org.apache.ibatis.builder.BuilderException: Error resolving class. Cause: org.apache.ibatis.type.TypeException: Could not resolve type alias 'com.xuecheng.content.model.po.CourseBase'.  Cause: java.lang.ClassNotFoundException: Cannot find class: com.xuecheng.content.model.po.CourseBase
	at org.springframework.beans.factory.support.AbstractAutowireCapableBeanFactory.initializeBean(AbstractAutowireCapableBeanFactory.java:1794)
	at org.springframework.beans.factory.support.AbstractAutowireCapableBeanFactory.doCreateBean(AbstractAutowireCapableBeanFactory.java:594)
	at org.springframework.beans.factory.support.AbstractAutowireCapableBeanFactory.createBean(AbstractAutowireCapableBeanFactory.java:516)
	at org.springframework.beans.factory.support.AbstractBeanFactory.lambda$doGetBean$0(AbstractBeanFactory.java:324)
	at org.springframework.beans.factory.support.DefaultSingletonBeanRegistry.getSingleton(DefaultSingletonBeanRegistry.java:234)
	at org.springframework.beans.factory.support.AbstractBeanFactory.doGetBean(AbstractBeanFactory.java:322)
	at org.springframework.beans.factory.support.AbstractBeanFactory.getBean(AbstractBeanFactory.java:202)
	at org.springframework.beans.factory.support.DefaultListableBeanFactory.preInstantiateSingletons(DefaultListableBeanFactory.java:878)
	at org.springframework.context.support.AbstractApplicationContext.finishBeanFactoryInitialization(AbstractApplicationContext.java:879)
	at org.springframework.context.support.AbstractApplicationContext.refresh(AbstractApplicationContext.java:551)
	at org.springframework.boot.SpringApplication.refresh(SpringApplication.java:758)
	at org.springframework.boot.SpringApplication.refresh(SpringApplication.java:750)
	at org.springframework.boot.SpringApplication.refreshContext(SpringApplication.java:405)
	at org.springframework.boot.SpringApplication.run(SpringApplication.java:315)
	at org.springframework.boot.SpringApplication.run(SpringApplication.java:1237)
	at org.springframework.boot.SpringApplication.run(SpringApplication.java:1226)
	at com.zhuoxin.XuechengPlusContentServiceApplication.main(XuechengPlusContentServiceApplication.java:10)
Caused by: java.lang.IllegalArgumentException: org.apache.ibatis.builder.BuilderException: Error parsing Mapper XML. The XML location is 'com/zhuoxin/content/mapper/CourseBaseMapper.xml'. Cause: org.apache.ibatis.builder.BuilderException: Error resolving class. Cause: org.apache.ibatis.type.TypeException: Could not resolve type alias 'com.xuecheng.content.model.po.CourseBase'.  Cause: java.lang.ClassNotFoundException: Cannot find class: com.xuecheng.content.model.po.CourseBase
	at org.mybatis.spring.mapper.MapperFactoryBean.checkDaoConfig(MapperFactoryBean.java:83)
	at org.springframework.dao.support.DaoSupport.afterPropertiesSet(DaoSupport.java:44)
	at org.springframework.beans.factory.support.AbstractAutowireCapableBeanFactory.invokeInitMethods(AbstractAutowireCapableBeanFactory.java:1853)
	at org.springframework.beans.factory.support.AbstractAutowireCapableBeanFactory.initializeBean(AbstractAutowireCapableBeanFactory.java:1790)
	... 16 more
Caused by: org.apache.ibatis.builder.BuilderException: Error parsing Mapper XML. The XML location is 'com/zhuoxin/content/mapper/CourseBaseMapper.xml'. Cause: org.apache.ibatis.builder.BuilderException: Error resolving class. Cause: org.apache.ibatis.type.TypeException: Could not resolve type alias 'com.xuecheng.content.model.po.CourseBase'.  Cause: java.lang.ClassNotFoundException: Cannot find class: com.xuecheng.content.model.po.CourseBase
	at org.apache.ibatis.builder.xml.XMLMapperBuilder.configurationElement(XMLMapperBuilder.java:123)
	at org.apache.ibatis.builder.xml.XMLMapperBuilder.parse(XMLMapperBuilder.java:95)
	at com.baomidou.mybatisplus.core.MybatisMapperAnnotationBuilder.loadXmlResource(MybatisMapperAnnotationBuilder.java:174)
	at com.baomidou.mybatisplus.core.MybatisMapperAnnotationBuilder.parse(MybatisMapperAnnotationBuilder.java:94)
	at com.baomidou.mybatisplus.core.MybatisMapperRegistry.addMapper(MybatisMapperRegistry.java:83)
	at com.baomidou.mybatisplus.core.MybatisConfiguration.addMapper(MybatisConfiguration.java:152)
	at org.mybatis.spring.mapper.MapperFactoryBean.checkDaoConfig(MapperFactoryBean.java:80)
	... 19 more
Caused by: org.apache.ibatis.builder.BuilderException: Error resolving class. Cause: org.apache.ibatis.type.TypeException: Could not resolve type alias 'com.xuecheng.content.model.po.CourseBase'.  Cause: java.lang.ClassNotFoundException: Cannot find class: com.xuecheng.content.model.po.CourseBase
	at org.apache.ibatis.builder.BaseBuilder.resolveClass(BaseBuilder.java:118)
	at org.apache.ibatis.builder.xml.XMLMapperBuilder.resultMapElement(XMLMapperBuilder.java:263)
	at org.apache.ibatis.builder.xml.XMLMapperBuilder.resultMapElement(XMLMapperBuilder.java:254)
	at org.apache.ibatis.builder.xml.XMLMapperBuilder.resultMapElements(XMLMapperBuilder.java:246)
	at org.apache.ibatis.builder.xml.XMLMapperBuilder.configurationElement(XMLMapperBuilder.java:119)
	... 25 more
Caused by: org.apache.ibatis.type.TypeException: Could not resolve type alias 'com.xuecheng.content.model.po.CourseBase'.  Cause: java.lang.ClassNotFoundException: Cannot find class: com.xuecheng.content.model.po.CourseBase
	at org.apache.ibatis.type.TypeAliasRegistry.resolveAlias(TypeAliasRegistry.java:120)
	at org.apache.ibatis.builder.BaseBuilder.resolveAlias(BaseBuilder.java:149)
	at org.apache.ibatis.builder.BaseBuilder.resolveClass(BaseBuilder.java:116)
	... 29 more
Caused by: java.lang.ClassNotFoundException: Cannot find class: com.xuecheng.content.model.po.CourseBase
	at org.apache.ibatis.io.ClassLoaderWrapper.classForName(ClassLoaderWrapper.java:196)
	at org.apache.ibatis.io.ClassLoaderWrapper.classForName(ClassLoaderWrapper.java:89)
	at org.apache.ibatis.io.Resources.classForName(Resources.java:261)
	at org.apache.ibatis.type.TypeAliasRegistry.resolveAlias(TypeAliasRegistry.java:116)
	... 31 more
2023-03-10 12:47:50,392 INFO [main][StartupInfoLogger.java:55] - Starting XuechengPlusContentServiceApplication on LAPTOP-I3SPG6LV with PID 22600 (D:\SpringBoot\xuecheng-plus\xuecheng-plus-content\xuecheng-plus-content-service\target\classes started by 卓鑫 in D:\SpringBoot\xuecheng-plus)
2023-03-10 12:47:50,392 INFO [main][StartupInfoLogger.java:55] - Starting XuechengPlusContentServiceApplication on LAPTOP-I3SPG6LV with PID 22600 (D:\SpringBoot\xuecheng-plus\xuecheng-plus-content\xuecheng-plus-content-service\target\classes started by 卓鑫 in D:\SpringBoot\xuecheng-plus)
2023-03-10 12:47:50,397 DEBUG [main][StartupInfoLogger.java:56] - Running with Spring Boot v2.3.7.RELEASE, Spring v5.2.12.RELEASE
2023-03-10 12:47:50,397 DEBUG [main][StartupInfoLogger.java:56] - Running with Spring Boot v2.3.7.RELEASE, Spring v5.2.12.RELEASE
2023-03-10 12:47:50,398 INFO [main][SpringApplication.java:651] - No active profile set, falling back to default profiles: default
2023-03-10 12:47:50,398 INFO [main][SpringApplication.java:651] - No active profile set, falling back to default profiles: default
2023-03-10 12:47:50,728 DEBUG [main][MybatisPlusAutoConfiguration.java:278] - Searching for mappers annotated with @Mapper
2023-03-10 12:47:50,728 DEBUG [main][MybatisPlusAutoConfiguration.java:278] - Searching for mappers annotated with @Mapper
2023-03-10 12:47:50,729 DEBUG [main][MybatisPlusAutoConfiguration.java:282] - Using auto-configuration base package 'com.zhuoxin'
2023-03-10 12:47:50,729 DEBUG [main][MybatisPlusAutoConfiguration.java:282] - Using auto-configuration base package 'com.zhuoxin'
2023-03-10 12:47:50,783 DEBUG [main][LogFactory.java:105] - Logging initialized using 'class org.apache.ibatis.logging.slf4j.Slf4jImpl' adapter.
2023-03-10 12:47:50,783 DEBUG [main][LogFactory.java:105] - Logging initialized using 'class org.apache.ibatis.logging.slf4j.Slf4jImpl' adapter.
2023-03-10 12:47:50,918 DEBUG [main][HikariConfig.java:946] - Driver class com.mysql.cj.jdbc.Driver found in Thread context class loader sun.misc.Launcher$AppClassLoader@18b4aac2
2023-03-10 12:47:50,918 DEBUG [main][HikariConfig.java:946] - Driver class com.mysql.cj.jdbc.Driver found in Thread context class loader sun.misc.Launcher$AppClassLoader@18b4aac2
2023-03-10 12:47:50,936 DEBUG [main][MybatisPlusAutoConfiguration.java:314] - Not found configuration for registering mapper bean using @MapperScan, MapperFactoryBean and MapperScannerConfigurer.
2023-03-10 12:47:50,936 DEBUG [main][MybatisPlusAutoConfiguration.java:314] - Not found configuration for registering mapper bean using @MapperScan, MapperFactoryBean and MapperScannerConfigurer.
2023-03-10 12:47:50,987 DEBUG [main][Logger.java:49] - Property 'mapperLocations' was not specified.
2023-03-10 12:47:50,987 DEBUG [main][Logger.java:49] - Property 'mapperLocations' was not specified.
2023-03-10 12:47:51,647 DEBUG [main][MybatisConfiguration.java:128] - addMappedStatement: com.zhuoxin.content.mapper.CourseBaseMapper.insert
2023-03-10 12:47:51,647 DEBUG [main][MybatisConfiguration.java:128] - addMappedStatement: com.zhuoxin.content.mapper.CourseBaseMapper.insert
2023-03-10 12:47:51,651 DEBUG [main][MybatisConfiguration.java:128] - addMappedStatement: com.zhuoxin.content.mapper.CourseBaseMapper.delete
2023-03-10 12:47:51,651 DEBUG [main][MybatisConfiguration.java:128] - addMappedStatement: com.zhuoxin.content.mapper.CourseBaseMapper.delete
2023-03-10 12:47:51,654 DEBUG [main][MybatisConfiguration.java:128] - addMappedStatement: com.zhuoxin.content.mapper.CourseBaseMapper.deleteByMap
2023-03-10 12:47:51,654 DEBUG [main][MybatisConfiguration.java:128] - addMappedStatement: com.zhuoxin.content.mapper.CourseBaseMapper.deleteByMap
2023-03-10 12:47:51,669 DEBUG [main][MybatisConfiguration.java:128] - addMappedStatement: com.zhuoxin.content.mapper.CourseBaseMapper.deleteById
2023-03-10 12:47:51,669 DEBUG [main][MybatisConfiguration.java:128] - addMappedStatement: com.zhuoxin.content.mapper.CourseBaseMapper.deleteById
2023-03-10 12:47:51,671 DEBUG [main][MybatisConfiguration.java:128] - addMappedStatement: com.zhuoxin.content.mapper.CourseBaseMapper.deleteBatchIds
2023-03-10 12:47:51,671 DEBUG [main][MybatisConfiguration.java:128] - addMappedStatement: com.zhuoxin.content.mapper.CourseBaseMapper.deleteBatchIds
2023-03-10 12:47:51,676 DEBUG [main][MybatisConfiguration.java:128] - addMappedStatement: com.zhuoxin.content.mapper.CourseBaseMapper.update
2023-03-10 12:47:51,676 DEBUG [main][MybatisConfiguration.java:128] - addMappedStatement: com.zhuoxin.content.mapper.CourseBaseMapper.update
2023-03-10 12:47:51,678 DEBUG [main][MybatisConfiguration.java:128] - addMappedStatement: com.zhuoxin.content.mapper.CourseBaseMapper.updateById
2023-03-10 12:47:51,678 DEBUG [main][MybatisConfiguration.java:128] - addMappedStatement: com.zhuoxin.content.mapper.CourseBaseMapper.updateById
2023-03-10 12:47:51,678 DEBUG [main][MybatisConfiguration.java:128] - addMappedStatement: com.zhuoxin.content.mapper.CourseBaseMapper.selectById
2023-03-10 12:47:51,678 DEBUG [main][MybatisConfiguration.java:128] - addMappedStatement: com.zhuoxin.content.mapper.CourseBaseMapper.selectById
2023-03-10 12:47:51,680 DEBUG [main][MybatisConfiguration.java:128] - addMappedStatement: com.zhuoxin.content.mapper.CourseBaseMapper.selectBatchIds
2023-03-10 12:47:51,680 DEBUG [main][MybatisConfiguration.java:128] - addMappedStatement: com.zhuoxin.content.mapper.CourseBaseMapper.selectBatchIds
2023-03-10 12:47:51,681 DEBUG [main][MybatisConfiguration.java:128] - addMappedStatement: com.zhuoxin.content.mapper.CourseBaseMapper.selectByMap
2023-03-10 12:47:51,681 DEBUG [main][MybatisConfiguration.java:128] - addMappedStatement: com.zhuoxin.content.mapper.CourseBaseMapper.selectByMap
2023-03-10 12:47:51,683 DEBUG [main][MybatisConfiguration.java:128] - addMappedStatement: com.zhuoxin.content.mapper.CourseBaseMapper.selectOne
2023-03-10 12:47:51,683 DEBUG [main][MybatisConfiguration.java:128] - addMappedStatement: com.zhuoxin.content.mapper.CourseBaseMapper.selectOne
2023-03-10 12:47:51,685 DEBUG [main][MybatisConfiguration.java:128] - addMappedStatement: com.zhuoxin.content.mapper.CourseBaseMapper.selectCount
2023-03-10 12:47:51,685 DEBUG [main][MybatisConfiguration.java:128] - addMappedStatement: com.zhuoxin.content.mapper.CourseBaseMapper.selectCount
2023-03-10 12:47:51,688 DEBUG [main][MybatisConfiguration.java:128] - addMappedStatement: com.zhuoxin.content.mapper.CourseBaseMapper.selectMaps
2023-03-10 12:47:51,688 DEBUG [main][MybatisConfiguration.java:128] - addMappedStatement: com.zhuoxin.content.mapper.CourseBaseMapper.selectMaps
2023-03-10 12:47:51,690 DEBUG [main][MybatisConfiguration.java:128] - addMappedStatement: com.zhuoxin.content.mapper.CourseBaseMapper.selectMapsPage
2023-03-10 12:47:51,690 DEBUG [main][MybatisConfiguration.java:128] - addMappedStatement: com.zhuoxin.content.mapper.CourseBaseMapper.selectMapsPage
2023-03-10 12:47:51,692 DEBUG [main][MybatisConfiguration.java:128] - addMappedStatement: com.zhuoxin.content.mapper.CourseBaseMapper.selectObjs
2023-03-10 12:47:51,692 DEBUG [main][MybatisConfiguration.java:128] - addMappedStatement: com.zhuoxin.content.mapper.CourseBaseMapper.selectObjs
2023-03-10 12:47:51,694 DEBUG [main][MybatisConfiguration.java:128] - addMappedStatement: com.zhuoxin.content.mapper.CourseBaseMapper.selectList
2023-03-10 12:47:51,694 DEBUG [main][MybatisConfiguration.java:128] - addMappedStatement: com.zhuoxin.content.mapper.CourseBaseMapper.selectList
2023-03-10 12:47:51,696 DEBUG [main][MybatisConfiguration.java:128] - addMappedStatement: com.zhuoxin.content.mapper.CourseBaseMapper.selectPage
2023-03-10 12:47:51,696 DEBUG [main][MybatisConfiguration.java:128] - addMappedStatement: com.zhuoxin.content.mapper.CourseBaseMapper.selectPage
2023-03-10 12:47:51,710 INFO [main][StartupInfoLogger.java:61] - Started XuechengPlusContentServiceApplication in 1.731 seconds (JVM running for 2.865)
2023-03-10 12:47:51,710 INFO [main][StartupInfoLogger.java:61] - Started XuechengPlusContentServiceApplication in 1.731 seconds (JVM running for 2.865)
2023-03-10 12:48:10,641 INFO [main][StartupInfoLogger.java:55] - Starting XuechengPlusContentServiceApplication on LAPTOP-I3SPG6LV with PID 12852 (D:\SpringBoot\xuecheng-plus\xuecheng-plus-content\xuecheng-plus-content-service\target\classes started by 卓鑫 in D:\SpringBoot\xuecheng-plus)
2023-03-10 12:48:10,641 INFO [main][StartupInfoLogger.java:55] - Starting XuechengPlusContentServiceApplication on LAPTOP-I3SPG6LV with PID 12852 (D:\SpringBoot\xuecheng-plus\xuecheng-plus-content\xuecheng-plus-content-service\target\classes started by 卓鑫 in D:\SpringBoot\xuecheng-plus)
2023-03-10 12:48:10,646 DEBUG [main][StartupInfoLogger.java:56] - Running with Spring Boot v2.3.7.RELEASE, Spring v5.2.12.RELEASE
2023-03-10 12:48:10,646 DEBUG [main][StartupInfoLogger.java:56] - Running with Spring Boot v2.3.7.RELEASE, Spring v5.2.12.RELEASE
2023-03-10 12:48:10,647 INFO [main][SpringApplication.java:651] - No active profile set, falling back to default profiles: default
2023-03-10 12:48:10,647 INFO [main][SpringApplication.java:651] - No active profile set, falling back to default profiles: default
2023-03-10 12:48:10,982 DEBUG [main][MybatisPlusAutoConfiguration.java:278] - Searching for mappers annotated with @Mapper
2023-03-10 12:48:10,982 DEBUG [main][MybatisPlusAutoConfiguration.java:278] - Searching for mappers annotated with @Mapper
2023-03-10 12:48:10,983 DEBUG [main][MybatisPlusAutoConfiguration.java:282] - Using auto-configuration base package 'com.zhuoxin'
2023-03-10 12:48:10,983 DEBUG [main][MybatisPlusAutoConfiguration.java:282] - Using auto-configuration base package 'com.zhuoxin'
2023-03-10 12:48:11,039 DEBUG [main][LogFactory.java:105] - Logging initialized using 'class org.apache.ibatis.logging.slf4j.Slf4jImpl' adapter.
2023-03-10 12:48:11,039 DEBUG [main][LogFactory.java:105] - Logging initialized using 'class org.apache.ibatis.logging.slf4j.Slf4jImpl' adapter.
2023-03-10 12:48:11,189 DEBUG [main][HikariConfig.java:946] - Driver class com.mysql.cj.jdbc.Driver found in Thread context class loader sun.misc.Launcher$AppClassLoader@18b4aac2
2023-03-10 12:48:11,189 DEBUG [main][HikariConfig.java:946] - Driver class com.mysql.cj.jdbc.Driver found in Thread context class loader sun.misc.Launcher$AppClassLoader@18b4aac2
2023-03-10 12:48:11,210 DEBUG [main][MybatisPlusAutoConfiguration.java:314] - Not found configuration for registering mapper bean using @MapperScan, MapperFactoryBean and MapperScannerConfigurer.
2023-03-10 12:48:11,210 DEBUG [main][MybatisPlusAutoConfiguration.java:314] - Not found configuration for registering mapper bean using @MapperScan, MapperFactoryBean and MapperScannerConfigurer.
2023-03-10 12:48:11,265 DEBUG [main][Logger.java:49] - Property 'mapperLocations' was not specified.
2023-03-10 12:48:11,265 DEBUG [main][Logger.java:49] - Property 'mapperLocations' was not specified.
2023-03-10 12:48:12,176 DEBUG [main][MybatisConfiguration.java:128] - addMappedStatement: com.zhuoxin.content.mapper.CourseBaseMapper.insert
2023-03-10 12:48:12,176 DEBUG [main][MybatisConfiguration.java:128] - addMappedStatement: com.zhuoxin.content.mapper.CourseBaseMapper.insert
2023-03-10 12:48:12,180 DEBUG [main][MybatisConfiguration.java:128] - addMappedStatement: com.zhuoxin.content.mapper.CourseBaseMapper.delete
2023-03-10 12:48:12,180 DEBUG [main][MybatisConfiguration.java:128] - addMappedStatement: com.zhuoxin.content.mapper.CourseBaseMapper.delete
2023-03-10 12:48:12,183 DEBUG [main][MybatisConfiguration.java:128] - addMappedStatement: com.zhuoxin.content.mapper.CourseBaseMapper.deleteByMap
2023-03-10 12:48:12,183 DEBUG [main][MybatisConfiguration.java:128] - addMappedStatement: com.zhuoxin.content.mapper.CourseBaseMapper.deleteByMap
2023-03-10 12:48:12,198 DEBUG [main][MybatisConfiguration.java:128] - addMappedStatement: com.zhuoxin.content.mapper.CourseBaseMapper.deleteById
2023-03-10 12:48:12,198 DEBUG [main][MybatisConfiguration.java:128] - addMappedStatement: com.zhuoxin.content.mapper.CourseBaseMapper.deleteById
2023-03-10 12:48:12,200 DEBUG [main][MybatisConfiguration.java:128] - addMappedStatement: com.zhuoxin.content.mapper.CourseBaseMapper.deleteBatchIds
2023-03-10 12:48:12,200 DEBUG [main][MybatisConfiguration.java:128] - addMappedStatement: com.zhuoxin.content.mapper.CourseBaseMapper.deleteBatchIds
2023-03-10 12:48:12,205 DEBUG [main][MybatisConfiguration.java:128] - addMappedStatement: com.zhuoxin.content.mapper.CourseBaseMapper.update
2023-03-10 12:48:12,205 DEBUG [main][MybatisConfiguration.java:128] - addMappedStatement: com.zhuoxin.content.mapper.CourseBaseMapper.update
2023-03-10 12:48:12,208 DEBUG [main][MybatisConfiguration.java:128] - addMappedStatement: com.zhuoxin.content.mapper.CourseBaseMapper.updateById
2023-03-10 12:48:12,208 DEBUG [main][MybatisConfiguration.java:128] - addMappedStatement: com.zhuoxin.content.mapper.CourseBaseMapper.updateById
2023-03-10 12:48:12,209 DEBUG [main][MybatisConfiguration.java:128] - addMappedStatement: com.zhuoxin.content.mapper.CourseBaseMapper.selectById
2023-03-10 12:48:12,209 DEBUG [main][MybatisConfiguration.java:128] - addMappedStatement: com.zhuoxin.content.mapper.CourseBaseMapper.selectById
2023-03-10 12:48:12,210 DEBUG [main][MybatisConfiguration.java:128] - addMappedStatement: com.zhuoxin.content.mapper.CourseBaseMapper.selectBatchIds
2023-03-10 12:48:12,210 DEBUG [main][MybatisConfiguration.java:128] - addMappedStatement: com.zhuoxin.content.mapper.CourseBaseMapper.selectBatchIds
2023-03-10 12:48:12,212 DEBUG [main][MybatisConfiguration.java:128] - addMappedStatement: com.zhuoxin.content.mapper.CourseBaseMapper.selectByMap
2023-03-10 12:48:12,212 DEBUG [main][MybatisConfiguration.java:128] - addMappedStatement: com.zhuoxin.content.mapper.CourseBaseMapper.selectByMap
2023-03-10 12:48:12,214 DEBUG [main][MybatisConfiguration.java:128] - addMappedStatement: com.zhuoxin.content.mapper.CourseBaseMapper.selectOne
2023-03-10 12:48:12,214 DEBUG [main][MybatisConfiguration.java:128] - addMappedStatement: com.zhuoxin.content.mapper.CourseBaseMapper.selectOne
2023-03-10 12:48:12,216 DEBUG [main][MybatisConfiguration.java:128] - addMappedStatement: com.zhuoxin.content.mapper.CourseBaseMapper.selectCount
2023-03-10 12:48:12,216 DEBUG [main][MybatisConfiguration.java:128] - addMappedStatement: com.zhuoxin.content.mapper.CourseBaseMapper.selectCount
2023-03-10 12:48:12,218 DEBUG [main][MybatisConfiguration.java:128] - addMappedStatement: com.zhuoxin.content.mapper.CourseBaseMapper.selectMaps
2023-03-10 12:48:12,218 DEBUG [main][MybatisConfiguration.java:128] - addMappedStatement: com.zhuoxin.content.mapper.CourseBaseMapper.selectMaps
2023-03-10 12:48:12,220 DEBUG [main][MybatisConfiguration.java:128] - addMappedStatement: com.zhuoxin.content.mapper.CourseBaseMapper.selectMapsPage
2023-03-10 12:48:12,220 DEBUG [main][MybatisConfiguration.java:128] - addMappedStatement: com.zhuoxin.content.mapper.CourseBaseMapper.selectMapsPage
2023-03-10 12:48:12,222 DEBUG [main][MybatisConfiguration.java:128] - addMappedStatement: com.zhuoxin.content.mapper.CourseBaseMapper.selectObjs
2023-03-10 12:48:12,222 DEBUG [main][MybatisConfiguration.java:128] - addMappedStatement: com.zhuoxin.content.mapper.CourseBaseMapper.selectObjs
2023-03-10 12:48:12,224 DEBUG [main][MybatisConfiguration.java:128] - addMappedStatement: com.zhuoxin.content.mapper.CourseBaseMapper.selectList
2023-03-10 12:48:12,224 DEBUG [main][MybatisConfiguration.java:128] - addMappedStatement: com.zhuoxin.content.mapper.CourseBaseMapper.selectList
2023-03-10 12:48:12,225 DEBUG [main][MybatisConfiguration.java:128] - addMappedStatement: com.zhuoxin.content.mapper.CourseBaseMapper.selectPage
2023-03-10 12:48:12,225 DEBUG [main][MybatisConfiguration.java:128] - addMappedStatement: com.zhuoxin.content.mapper.CourseBaseMapper.selectPage
2023-03-10 12:48:12,239 INFO [main][StartupInfoLogger.java:61] - Started XuechengPlusContentServiceApplication in 1.994 seconds (JVM running for 3.157)
2023-03-10 12:48:12,239 INFO [main][StartupInfoLogger.java:61] - Started XuechengPlusContentServiceApplication in 1.994 seconds (JVM running for 3.157)
2023-03-10 12:48:37,741 INFO [main][StartupInfoLogger.java:55] - Starting XuechengPlusContentServiceApplication on LAPTOP-I3SPG6LV with PID 24436 (D:\SpringBoot\xuecheng-plus\xuecheng-plus-content\xuecheng-plus-content-service\target\classes started by 卓鑫 in D:\SpringBoot\xuecheng-plus)
2023-03-10 12:48:37,741 INFO [main][StartupInfoLogger.java:55] - Starting XuechengPlusContentServiceApplication on LAPTOP-I3SPG6LV with PID 24436 (D:\SpringBoot\xuecheng-plus\xuecheng-plus-content\xuecheng-plus-content-service\target\classes started by 卓鑫 in D:\SpringBoot\xuecheng-plus)
2023-03-10 12:48:37,745 DEBUG [main][StartupInfoLogger.java:56] - Running with Spring Boot v2.3.7.RELEASE, Spring v5.2.12.RELEASE
2023-03-10 12:48:37,745 DEBUG [main][StartupInfoLogger.java:56] - Running with Spring Boot v2.3.7.RELEASE, Spring v5.2.12.RELEASE
2023-03-10 12:48:37,746 INFO [main][SpringApplication.java:651] - No active profile set, falling back to default profiles: default
2023-03-10 12:48:37,746 INFO [main][SpringApplication.java:651] - No active profile set, falling back to default profiles: default
2023-03-10 12:48:38,092 DEBUG [main][MybatisPlusAutoConfiguration.java:278] - Searching for mappers annotated with @Mapper
2023-03-10 12:48:38,092 DEBUG [main][MybatisPlusAutoConfiguration.java:278] - Searching for mappers annotated with @Mapper
2023-03-10 12:48:38,093 DEBUG [main][MybatisPlusAutoConfiguration.java:282] - Using auto-configuration base package 'com.zhuoxin'
2023-03-10 12:48:38,093 DEBUG [main][MybatisPlusAutoConfiguration.java:282] - Using auto-configuration base package 'com.zhuoxin'
2023-03-10 12:48:38,145 DEBUG [main][LogFactory.java:105] - Logging initialized using 'class org.apache.ibatis.logging.slf4j.Slf4jImpl' adapter.
2023-03-10 12:48:38,145 DEBUG [main][LogFactory.java:105] - Logging initialized using 'class org.apache.ibatis.logging.slf4j.Slf4jImpl' adapter.
2023-03-10 12:48:38,280 DEBUG [main][HikariConfig.java:946] - Driver class com.mysql.cj.jdbc.Driver found in Thread context class loader sun.misc.Launcher$AppClassLoader@18b4aac2
2023-03-10 12:48:38,280 DEBUG [main][HikariConfig.java:946] - Driver class com.mysql.cj.jdbc.Driver found in Thread context class loader sun.misc.Launcher$AppClassLoader@18b4aac2
2023-03-10 12:48:38,302 DEBUG [main][MybatisPlusAutoConfiguration.java:314] - Not found configuration for registering mapper bean using @MapperScan, MapperFactoryBean and MapperScannerConfigurer.
2023-03-10 12:48:38,302 DEBUG [main][MybatisPlusAutoConfiguration.java:314] - Not found configuration for registering mapper bean using @MapperScan, MapperFactoryBean and MapperScannerConfigurer.
2023-03-10 12:48:38,353 DEBUG [main][Logger.java:49] - Property 'mapperLocations' was not specified.
2023-03-10 12:48:38,353 DEBUG [main][Logger.java:49] - Property 'mapperLocations' was not specified.
2023-03-10 12:48:39,008 DEBUG [main][MybatisConfiguration.java:128] - addMappedStatement: com.zhuoxin.content.mapper.CourseBaseMapper.insert
2023-03-10 12:48:39,008 DEBUG [main][MybatisConfiguration.java:128] - addMappedStatement: com.zhuoxin.content.mapper.CourseBaseMapper.insert
2023-03-10 12:48:39,013 DEBUG [main][MybatisConfiguration.java:128] - addMappedStatement: com.zhuoxin.content.mapper.CourseBaseMapper.delete
2023-03-10 12:48:39,013 DEBUG [main][MybatisConfiguration.java:128] - addMappedStatement: com.zhuoxin.content.mapper.CourseBaseMapper.delete
2023-03-10 12:48:39,014 DEBUG [main][MybatisConfiguration.java:128] - addMappedStatement: com.zhuoxin.content.mapper.CourseBaseMapper.deleteByMap
2023-03-10 12:48:39,014 DEBUG [main][MybatisConfiguration.java:128] - addMappedStatement: com.zhuoxin.content.mapper.CourseBaseMapper.deleteByMap
2023-03-10 12:48:39,030 DEBUG [main][MybatisConfiguration.java:128] - addMappedStatement: com.zhuoxin.content.mapper.CourseBaseMapper.deleteById
2023-03-10 12:48:39,030 DEBUG [main][MybatisConfiguration.java:128] - addMappedStatement: com.zhuoxin.content.mapper.CourseBaseMapper.deleteById
2023-03-10 12:48:39,032 DEBUG [main][MybatisConfiguration.java:128] - addMappedStatement: com.zhuoxin.content.mapper.CourseBaseMapper.deleteBatchIds
2023-03-10 12:48:39,032 DEBUG [main][MybatisConfiguration.java:128] - addMappedStatement: com.zhuoxin.content.mapper.CourseBaseMapper.deleteBatchIds
2023-03-10 12:48:39,036 DEBUG [main][MybatisConfiguration.java:128] - addMappedStatement: com.zhuoxin.content.mapper.CourseBaseMapper.update
2023-03-10 12:48:39,036 DEBUG [main][MybatisConfiguration.java:128] - addMappedStatement: com.zhuoxin.content.mapper.CourseBaseMapper.update
2023-03-10 12:48:39,037 DEBUG [main][MybatisConfiguration.java:128] - addMappedStatement: com.zhuoxin.content.mapper.CourseBaseMapper.updateById
2023-03-10 12:48:39,037 DEBUG [main][MybatisConfiguration.java:128] - addMappedStatement: com.zhuoxin.content.mapper.CourseBaseMapper.updateById
2023-03-10 12:48:39,038 DEBUG [main][MybatisConfiguration.java:128] - addMappedStatement: com.zhuoxin.content.mapper.CourseBaseMapper.selectById
2023-03-10 12:48:39,038 DEBUG [main][MybatisConfiguration.java:128] - addMappedStatement: com.zhuoxin.content.mapper.CourseBaseMapper.selectById
2023-03-10 12:48:39,039 DEBUG [main][MybatisConfiguration.java:128] - addMappedStatement: com.zhuoxin.content.mapper.CourseBaseMapper.selectBatchIds
2023-03-10 12:48:39,039 DEBUG [main][MybatisConfiguration.java:128] - addMappedStatement: com.zhuoxin.content.mapper.CourseBaseMapper.selectBatchIds
2023-03-10 12:48:39,040 DEBUG [main][MybatisConfiguration.java:128] - addMappedStatement: com.zhuoxin.content.mapper.CourseBaseMapper.selectByMap
2023-03-10 12:48:39,040 DEBUG [main][MybatisConfiguration.java:128] - addMappedStatement: com.zhuoxin.content.mapper.CourseBaseMapper.selectByMap
2023-03-10 12:48:39,042 DEBUG [main][MybatisConfiguration.java:128] - addMappedStatement: com.zhuoxin.content.mapper.CourseBaseMapper.selectOne
2023-03-10 12:48:39,042 DEBUG [main][MybatisConfiguration.java:128] - addMappedStatement: com.zhuoxin.content.mapper.CourseBaseMapper.selectOne
2023-03-10 12:48:39,045 DEBUG [main][MybatisConfiguration.java:128] - addMappedStatement: com.zhuoxin.content.mapper.CourseBaseMapper.selectCount
2023-03-10 12:48:39,045 DEBUG [main][MybatisConfiguration.java:128] - addMappedStatement: com.zhuoxin.content.mapper.CourseBaseMapper.selectCount
2023-03-10 12:48:39,046 DEBUG [main][MybatisConfiguration.java:128] - addMappedStatement: com.zhuoxin.content.mapper.CourseBaseMapper.selectMaps
2023-03-10 12:48:39,046 DEBUG [main][MybatisConfiguration.java:128] - addMappedStatement: com.zhuoxin.content.mapper.CourseBaseMapper.selectMaps
2023-03-10 12:48:39,048 DEBUG [main][MybatisConfiguration.java:128] - addMappedStatement: com.zhuoxin.content.mapper.CourseBaseMapper.selectMapsPage
2023-03-10 12:48:39,048 DEBUG [main][MybatisConfiguration.java:128] - addMappedStatement: com.zhuoxin.content.mapper.CourseBaseMapper.selectMapsPage
2023-03-10 12:48:39,051 DEBUG [main][MybatisConfiguration.java:128] - addMappedStatement: com.zhuoxin.content.mapper.CourseBaseMapper.selectObjs
2023-03-10 12:48:39,051 DEBUG [main][MybatisConfiguration.java:128] - addMappedStatement: com.zhuoxin.content.mapper.CourseBaseMapper.selectObjs
2023-03-10 12:48:39,052 DEBUG [main][MybatisConfiguration.java:128] - addMappedStatement: com.zhuoxin.content.mapper.CourseBaseMapper.selectList
2023-03-10 12:48:39,052 DEBUG [main][MybatisConfiguration.java:128] - addMappedStatement: com.zhuoxin.content.mapper.CourseBaseMapper.selectList
2023-03-10 12:48:39,053 DEBUG [main][MybatisConfiguration.java:128] - addMappedStatement: com.zhuoxin.content.mapper.CourseBaseMapper.selectPage
2023-03-10 12:48:39,053 DEBUG [main][MybatisConfiguration.java:128] - addMappedStatement: com.zhuoxin.content.mapper.CourseBaseMapper.selectPage
2023-03-10 12:48:39,066 INFO [main][StartupInfoLogger.java:61] - Started XuechengPlusContentServiceApplication in 1.739 seconds (JVM running for 2.842)
2023-03-10 12:48:39,066 INFO [main][StartupInfoLogger.java:61] - Started XuechengPlusContentServiceApplication in 1.739 seconds (JVM running for 2.842)
2023-03-10 12:51:32,822 INFO [main][StartupInfoLogger.java:55] - Starting XuechengPlusContentServiceApplication on LAPTOP-I3SPG6LV with PID 23040 (D:\SpringBoot\xuecheng-plus\xuecheng-plus-content\xuecheng-plus-content-service\target\classes started by 卓鑫 in D:\SpringBoot\xuecheng-plus)
2023-03-10 12:51:32,822 INFO [main][StartupInfoLogger.java:55] - Starting XuechengPlusContentServiceApplication on LAPTOP-I3SPG6LV with PID 23040 (D:\SpringBoot\xuecheng-plus\xuecheng-plus-content\xuecheng-plus-content-service\target\classes started by 卓鑫 in D:\SpringBoot\xuecheng-plus)
2023-03-10 12:51:32,827 DEBUG [main][StartupInfoLogger.java:56] - Running with Spring Boot v2.3.7.RELEASE, Spring v5.2.12.RELEASE
2023-03-10 12:51:32,827 DEBUG [main][StartupInfoLogger.java:56] - Running with Spring Boot v2.3.7.RELEASE, Spring v5.2.12.RELEASE
2023-03-10 12:51:32,828 INFO [main][SpringApplication.java:651] - No active profile set, falling back to default profiles: default
2023-03-10 12:51:32,828 INFO [main][SpringApplication.java:651] - No active profile set, falling back to default profiles: default
2023-03-10 12:51:33,202 DEBUG [main][MybatisPlusAutoConfiguration.java:278] - Searching for mappers annotated with @Mapper
2023-03-10 12:51:33,202 DEBUG [main][MybatisPlusAutoConfiguration.java:278] - Searching for mappers annotated with @Mapper
2023-03-10 12:51:33,203 DEBUG [main][MybatisPlusAutoConfiguration.java:282] - Using auto-configuration base package 'com.zhuoxin'
2023-03-10 12:51:33,203 DEBUG [main][MybatisPlusAutoConfiguration.java:282] - Using auto-configuration base package 'com.zhuoxin'
2023-03-10 12:51:33,268 DEBUG [main][LogFactory.java:105] - Logging initialized using 'class org.apache.ibatis.logging.slf4j.Slf4jImpl' adapter.
2023-03-10 12:51:33,268 DEBUG [main][LogFactory.java:105] - Logging initialized using 'class org.apache.ibatis.logging.slf4j.Slf4jImpl' adapter.
2023-03-10 12:51:33,432 DEBUG [main][HikariConfig.java:946] - Driver class com.mysql.cj.jdbc.Driver found in Thread context class loader sun.misc.Launcher$AppClassLoader@18b4aac2
2023-03-10 12:51:33,432 DEBUG [main][HikariConfig.java:946] - Driver class com.mysql.cj.jdbc.Driver found in Thread context class loader sun.misc.Launcher$AppClassLoader@18b4aac2
2023-03-10 12:51:33,451 DEBUG [main][MybatisPlusAutoConfiguration.java:314] - Not found configuration for registering mapper bean using @MapperScan, MapperFactoryBean and MapperScannerConfigurer.
2023-03-10 12:51:33,451 DEBUG [main][MybatisPlusAutoConfiguration.java:314] - Not found configuration for registering mapper bean using @MapperScan, MapperFactoryBean and MapperScannerConfigurer.
2023-03-10 12:51:33,517 DEBUG [main][Logger.java:49] - Property 'mapperLocations' was not specified.
2023-03-10 12:51:33,517 DEBUG [main][Logger.java:49] - Property 'mapperLocations' was not specified.
2023-03-10 12:51:34,445 DEBUG [main][MybatisConfiguration.java:128] - addMappedStatement: com.zhuoxin.content.mapper.CourseBaseMapper.insert
2023-03-10 12:51:34,445 DEBUG [main][MybatisConfiguration.java:128] - addMappedStatement: com.zhuoxin.content.mapper.CourseBaseMapper.insert
2023-03-10 12:51:34,449 DEBUG [main][MybatisConfiguration.java:128] - addMappedStatement: com.zhuoxin.content.mapper.CourseBaseMapper.delete
2023-03-10 12:51:34,449 DEBUG [main][MybatisConfiguration.java:128] - addMappedStatement: com.zhuoxin.content.mapper.CourseBaseMapper.delete
2023-03-10 12:51:34,451 DEBUG [main][MybatisConfiguration.java:128] - addMappedStatement: com.zhuoxin.content.mapper.CourseBaseMapper.deleteByMap
2023-03-10 12:51:34,451 DEBUG [main][MybatisConfiguration.java:128] - addMappedStatement: com.zhuoxin.content.mapper.CourseBaseMapper.deleteByMap
2023-03-10 12:51:34,471 DEBUG [main][MybatisConfiguration.java:128] - addMappedStatement: com.zhuoxin.content.mapper.CourseBaseMapper.deleteById
2023-03-10 12:51:34,471 DEBUG [main][MybatisConfiguration.java:128] - addMappedStatement: com.zhuoxin.content.mapper.CourseBaseMapper.deleteById
2023-03-10 12:51:34,473 DEBUG [main][MybatisConfiguration.java:128] - addMappedStatement: com.zhuoxin.content.mapper.CourseBaseMapper.deleteBatchIds
2023-03-10 12:51:34,473 DEBUG [main][MybatisConfiguration.java:128] - addMappedStatement: com.zhuoxin.content.mapper.CourseBaseMapper.deleteBatchIds
2023-03-10 12:51:34,478 DEBUG [main][MybatisConfiguration.java:128] - addMappedStatement: com.zhuoxin.content.mapper.CourseBaseMapper.update
2023-03-10 12:51:34,478 DEBUG [main][MybatisConfiguration.java:128] - addMappedStatement: com.zhuoxin.content.mapper.CourseBaseMapper.update
2023-03-10 12:51:34,480 DEBUG [main][MybatisConfiguration.java:128] - addMappedStatement: com.zhuoxin.content.mapper.CourseBaseMapper.updateById
2023-03-10 12:51:34,480 DEBUG [main][MybatisConfiguration.java:128] - addMappedStatement: com.zhuoxin.content.mapper.CourseBaseMapper.updateById
2023-03-10 12:51:34,481 DEBUG [main][MybatisConfiguration.java:128] - addMappedStatement: com.zhuoxin.content.mapper.CourseBaseMapper.selectById
2023-03-10 12:51:34,481 DEBUG [main][MybatisConfiguration.java:128] - addMappedStatement: com.zhuoxin.content.mapper.CourseBaseMapper.selectById
2023-03-10 12:51:34,483 DEBUG [main][MybatisConfiguration.java:128] - addMappedStatement: com.zhuoxin.content.mapper.CourseBaseMapper.selectBatchIds
2023-03-10 12:51:34,483 DEBUG [main][MybatisConfiguration.java:128] - addMappedStatement: com.zhuoxin.content.mapper.CourseBaseMapper.selectBatchIds
2023-03-10 12:51:34,484 DEBUG [main][MybatisConfiguration.java:128] - addMappedStatement: com.zhuoxin.content.mapper.CourseBaseMapper.selectByMap
2023-03-10 12:51:34,484 DEBUG [main][MybatisConfiguration.java:128] - addMappedStatement: com.zhuoxin.content.mapper.CourseBaseMapper.selectByMap
2023-03-10 12:51:34,486 DEBUG [main][MybatisConfiguration.java:128] - addMappedStatement: com.zhuoxin.content.mapper.CourseBaseMapper.selectOne
2023-03-10 12:51:34,486 DEBUG [main][MybatisConfiguration.java:128] - addMappedStatement: com.zhuoxin.content.mapper.CourseBaseMapper.selectOne
2023-03-10 12:51:34,488 DEBUG [main][MybatisConfiguration.java:128] - addMappedStatement: com.zhuoxin.content.mapper.CourseBaseMapper.selectCount
2023-03-10 12:51:34,488 DEBUG [main][MybatisConfiguration.java:128] - addMappedStatement: com.zhuoxin.content.mapper.CourseBaseMapper.selectCount
2023-03-10 12:51:34,490 DEBUG [main][MybatisConfiguration.java:128] - addMappedStatement: com.zhuoxin.content.mapper.CourseBaseMapper.selectMaps
2023-03-10 12:51:34,490 DEBUG [main][MybatisConfiguration.java:128] - addMappedStatement: com.zhuoxin.content.mapper.CourseBaseMapper.selectMaps
2023-03-10 12:51:34,492 DEBUG [main][MybatisConfiguration.java:128] - addMappedStatement: com.zhuoxin.content.mapper.CourseBaseMapper.selectMapsPage
2023-03-10 12:51:34,492 DEBUG [main][MybatisConfiguration.java:128] - addMappedStatement: com.zhuoxin.content.mapper.CourseBaseMapper.selectMapsPage
2023-03-10 12:51:34,494 DEBUG [main][MybatisConfiguration.java:128] - addMappedStatement: com.zhuoxin.content.mapper.CourseBaseMapper.selectObjs
2023-03-10 12:51:34,494 DEBUG [main][MybatisConfiguration.java:128] - addMappedStatement: com.zhuoxin.content.mapper.CourseBaseMapper.selectObjs
2023-03-10 12:51:34,496 DEBUG [main][MybatisConfiguration.java:128] - addMappedStatement: com.zhuoxin.content.mapper.CourseBaseMapper.selectList
2023-03-10 12:51:34,496 DEBUG [main][MybatisConfiguration.java:128] - addMappedStatement: com.zhuoxin.content.mapper.CourseBaseMapper.selectList
2023-03-10 12:51:34,498 DEBUG [main][MybatisConfiguration.java:128] - addMappedStatement: com.zhuoxin.content.mapper.CourseBaseMapper.selectPage
2023-03-10 12:51:34,498 DEBUG [main][MybatisConfiguration.java:128] - addMappedStatement: com.zhuoxin.content.mapper.CourseBaseMapper.selectPage
2023-03-10 12:51:34,513 INFO [main][StartupInfoLogger.java:61] - Started XuechengPlusContentServiceApplication in 2.171 seconds (JVM running for 3.591)
2023-03-10 12:51:34,513 INFO [main][StartupInfoLogger.java:61] - Started XuechengPlusContentServiceApplication in 2.171 seconds (JVM running for 3.591)
2023-03-10 12:54:55,404 INFO [main][StartupInfoLogger.java:55] - Starting XuechengPlusContentServiceApplication on LAPTOP-I3SPG6LV with PID 8336 (D:\SpringBoot\xuecheng-plus\xuecheng-plus-content\xuecheng-plus-content-service\target\classes started by 卓鑫 in D:\SpringBoot\xuecheng-plus)
2023-03-10 12:54:55,404 INFO [main][StartupInfoLogger.java:55] - Starting XuechengPlusContentServiceApplication on LAPTOP-I3SPG6LV with PID 8336 (D:\SpringBoot\xuecheng-plus\xuecheng-plus-content\xuecheng-plus-content-service\target\classes started by 卓鑫 in D:\SpringBoot\xuecheng-plus)
2023-03-10 12:54:55,409 DEBUG [main][StartupInfoLogger.java:56] - Running with Spring Boot v2.3.7.RELEASE, Spring v5.2.12.RELEASE
2023-03-10 12:54:55,409 DEBUG [main][StartupInfoLogger.java:56] - Running with Spring Boot v2.3.7.RELEASE, Spring v5.2.12.RELEASE
2023-03-10 12:54:55,409 INFO [main][SpringApplication.java:655] - The following profiles are active: test
2023-03-10 12:54:55,409 INFO [main][SpringApplication.java:655] - The following profiles are active: test
2023-03-10 12:54:55,765 DEBUG [main][MybatisPlusAutoConfiguration.java:278] - Searching for mappers annotated with @Mapper
2023-03-10 12:54:55,765 DEBUG [main][MybatisPlusAutoConfiguration.java:278] - Searching for mappers annotated with @Mapper
2023-03-10 12:54:55,766 DEBUG [main][MybatisPlusAutoConfiguration.java:282] - Using auto-configuration base package 'com.zhuoxin'
2023-03-10 12:54:55,766 DEBUG [main][MybatisPlusAutoConfiguration.java:282] - Using auto-configuration base package 'com.zhuoxin'
2023-03-10 12:54:55,824 DEBUG [main][LogFactory.java:105] - Logging initialized using 'class org.apache.ibatis.logging.slf4j.Slf4jImpl' adapter.
2023-03-10 12:54:55,824 DEBUG [main][LogFactory.java:105] - Logging initialized using 'class org.apache.ibatis.logging.slf4j.Slf4jImpl' adapter.
2023-03-10 12:54:55,986 DEBUG [main][HikariConfig.java:946] - Driver class com.mysql.cj.jdbc.Driver found in Thread context class loader sun.misc.Launcher$AppClassLoader@18b4aac2
2023-03-10 12:54:55,986 DEBUG [main][HikariConfig.java:946] - Driver class com.mysql.cj.jdbc.Driver found in Thread context class loader sun.misc.Launcher$AppClassLoader@18b4aac2
2023-03-10 12:54:56,008 DEBUG [main][MybatisPlusAutoConfiguration.java:314] - Not found configuration for registering mapper bean using @MapperScan, MapperFactoryBean and MapperScannerConfigurer.
2023-03-10 12:54:56,008 DEBUG [main][MybatisPlusAutoConfiguration.java:314] - Not found configuration for registering mapper bean using @MapperScan, MapperFactoryBean and MapperScannerConfigurer.
2023-03-10 12:54:56,072 DEBUG [main][Logger.java:49] - Property 'mapperLocations' was not specified.
2023-03-10 12:54:56,072 DEBUG [main][Logger.java:49] - Property 'mapperLocations' was not specified.
2023-03-10 12:54:57,011 DEBUG [main][MybatisConfiguration.java:128] - addMappedStatement: com.zhuoxin.content.mapper.CourseBaseMapper.insert
2023-03-10 12:54:57,011 DEBUG [main][MybatisConfiguration.java:128] - addMappedStatement: com.zhuoxin.content.mapper.CourseBaseMapper.insert
2023-03-10 12:54:57,015 DEBUG [main][MybatisConfiguration.java:128] - addMappedStatement: com.zhuoxin.content.mapper.CourseBaseMapper.delete
2023-03-10 12:54:57,015 DEBUG [main][MybatisConfiguration.java:128] - addMappedStatement: com.zhuoxin.content.mapper.CourseBaseMapper.delete
2023-03-10 12:54:57,017 DEBUG [main][MybatisConfiguration.java:128] - addMappedStatement: com.zhuoxin.content.mapper.CourseBaseMapper.deleteByMap
2023-03-10 12:54:57,017 DEBUG [main][MybatisConfiguration.java:128] - addMappedStatement: com.zhuoxin.content.mapper.CourseBaseMapper.deleteByMap
2023-03-10 12:54:57,034 DEBUG [main][MybatisConfiguration.java:128] - addMappedStatement: com.zhuoxin.content.mapper.CourseBaseMapper.deleteById
2023-03-10 12:54:57,034 DEBUG [main][MybatisConfiguration.java:128] - addMappedStatement: com.zhuoxin.content.mapper.CourseBaseMapper.deleteById
2023-03-10 12:54:57,035 DEBUG [main][MybatisConfiguration.java:128] - addMappedStatement: com.zhuoxin.content.mapper.CourseBaseMapper.deleteBatchIds
2023-03-10 12:54:57,035 DEBUG [main][MybatisConfiguration.java:128] - addMappedStatement: com.zhuoxin.content.mapper.CourseBaseMapper.deleteBatchIds
2023-03-10 12:54:57,040 DEBUG [main][MybatisConfiguration.java:128] - addMappedStatement: com.zhuoxin.content.mapper.CourseBaseMapper.update
2023-03-10 12:54:57,040 DEBUG [main][MybatisConfiguration.java:128] - addMappedStatement: com.zhuoxin.content.mapper.CourseBaseMapper.update
2023-03-10 12:54:57,042 DEBUG [main][MybatisConfiguration.java:128] - addMappedStatement: com.zhuoxin.content.mapper.CourseBaseMapper.updateById
2023-03-10 12:54:57,042 DEBUG [main][MybatisConfiguration.java:128] - addMappedStatement: com.zhuoxin.content.mapper.CourseBaseMapper.updateById
2023-03-10 12:54:57,043 DEBUG [main][MybatisConfiguration.java:128] - addMappedStatement: com.zhuoxin.content.mapper.CourseBaseMapper.selectById
2023-03-10 12:54:57,043 DEBUG [main][MybatisConfiguration.java:128] - addMappedStatement: com.zhuoxin.content.mapper.CourseBaseMapper.selectById
2023-03-10 12:54:57,045 DEBUG [main][MybatisConfiguration.java:128] - addMappedStatement: com.zhuoxin.content.mapper.CourseBaseMapper.selectBatchIds
2023-03-10 12:54:57,045 DEBUG [main][MybatisConfiguration.java:128] - addMappedStatement: com.zhuoxin.content.mapper.CourseBaseMapper.selectBatchIds
2023-03-10 12:54:57,046 DEBUG [main][MybatisConfiguration.java:128] - addMappedStatement: com.zhuoxin.content.mapper.CourseBaseMapper.selectByMap
2023-03-10 12:54:57,046 DEBUG [main][MybatisConfiguration.java:128] - addMappedStatement: com.zhuoxin.content.mapper.CourseBaseMapper.selectByMap
2023-03-10 12:54:57,048 DEBUG [main][MybatisConfiguration.java:128] - addMappedStatement: com.zhuoxin.content.mapper.CourseBaseMapper.selectOne
2023-03-10 12:54:57,048 DEBUG [main][MybatisConfiguration.java:128] - addMappedStatement: com.zhuoxin.content.mapper.CourseBaseMapper.selectOne
2023-03-10 12:54:57,050 DEBUG [main][MybatisConfiguration.java:128] - addMappedStatement: com.zhuoxin.content.mapper.CourseBaseMapper.selectCount
2023-03-10 12:54:57,050 DEBUG [main][MybatisConfiguration.java:128] - addMappedStatement: com.zhuoxin.content.mapper.CourseBaseMapper.selectCount
2023-03-10 12:54:57,052 DEBUG [main][MybatisConfiguration.java:128] - addMappedStatement: com.zhuoxin.content.mapper.CourseBaseMapper.selectMaps
2023-03-10 12:54:57,052 DEBUG [main][MybatisConfiguration.java:128] - addMappedStatement: com.zhuoxin.content.mapper.CourseBaseMapper.selectMaps
2023-03-10 12:54:57,054 DEBUG [main][MybatisConfiguration.java:128] - addMappedStatement: com.zhuoxin.content.mapper.CourseBaseMapper.selectMapsPage
2023-03-10 12:54:57,054 DEBUG [main][MybatisConfiguration.java:128] - addMappedStatement: com.zhuoxin.content.mapper.CourseBaseMapper.selectMapsPage
2023-03-10 12:54:57,056 DEBUG [main][MybatisConfiguration.java:128] - addMappedStatement: com.zhuoxin.content.mapper.CourseBaseMapper.selectObjs
2023-03-10 12:54:57,056 DEBUG [main][MybatisConfiguration.java:128] - addMappedStatement: com.zhuoxin.content.mapper.CourseBaseMapper.selectObjs
2023-03-10 12:54:57,057 DEBUG [main][MybatisConfiguration.java:128] - addMappedStatement: com.zhuoxin.content.mapper.CourseBaseMapper.selectList
2023-03-10 12:54:57,057 DEBUG [main][MybatisConfiguration.java:128] - addMappedStatement: com.zhuoxin.content.mapper.CourseBaseMapper.selectList
2023-03-10 12:54:57,059 DEBUG [main][MybatisConfiguration.java:128] - addMappedStatement: com.zhuoxin.content.mapper.CourseBaseMapper.selectPage
2023-03-10 12:54:57,059 DEBUG [main][MybatisConfiguration.java:128] - addMappedStatement: com.zhuoxin.content.mapper.CourseBaseMapper.selectPage
2023-03-10 12:54:57,073 INFO [main][StartupInfoLogger.java:61] - Started XuechengPlusContentServiceApplication in 2.111 seconds (JVM running for 3.436)
2023-03-10 12:54:57,073 INFO [main][StartupInfoLogger.java:61] - Started XuechengPlusContentServiceApplication in 2.111 seconds (JVM running for 3.436)
2023-03-10 12:55:41,117 INFO [main][StartupInfoLogger.java:55] - Starting XuechengPlusContentServiceApplication on LAPTOP-I3SPG6LV with PID 20052 (D:\SpringBoot\xuecheng-plus\xuecheng-plus-content\xuecheng-plus-content-service\target\classes started by 卓鑫 in D:\SpringBoot\xuecheng-plus)
2023-03-10 12:55:41,117 INFO [main][StartupInfoLogger.java:55] - Starting XuechengPlusContentServiceApplication on LAPTOP-I3SPG6LV with PID 20052 (D:\SpringBoot\xuecheng-plus\xuecheng-plus-content\xuecheng-plus-content-service\target\classes started by 卓鑫 in D:\SpringBoot\xuecheng-plus)
2023-03-10 12:55:41,123 DEBUG [main][StartupInfoLogger.java:56] - Running with Spring Boot v2.3.7.RELEASE, Spring v5.2.12.RELEASE
2023-03-10 12:55:41,123 DEBUG [main][StartupInfoLogger.java:56] - Running with Spring Boot v2.3.7.RELEASE, Spring v5.2.12.RELEASE
2023-03-10 12:55:41,124 INFO [main][SpringApplication.java:651] - No active profile set, falling back to default profiles: default
2023-03-10 12:55:41,124 INFO [main][SpringApplication.java:651] - No active profile set, falling back to default profiles: default
2023-03-10 12:55:41,479 DEBUG [main][MybatisPlusAutoConfiguration.java:278] - Searching for mappers annotated with @Mapper
2023-03-10 12:55:41,479 DEBUG [main][MybatisPlusAutoConfiguration.java:278] - Searching for mappers annotated with @Mapper
2023-03-10 12:55:41,480 DEBUG [main][MybatisPlusAutoConfiguration.java:282] - Using auto-configuration base package 'com.zhuoxin'
2023-03-10 12:55:41,480 DEBUG [main][MybatisPlusAutoConfiguration.java:282] - Using auto-configuration base package 'com.zhuoxin'
2023-03-10 12:55:41,537 DEBUG [main][LogFactory.java:105] - Logging initialized using 'class org.apache.ibatis.logging.slf4j.Slf4jImpl' adapter.
2023-03-10 12:55:41,537 DEBUG [main][LogFactory.java:105] - Logging initialized using 'class org.apache.ibatis.logging.slf4j.Slf4jImpl' adapter.
2023-03-10 12:55:41,688 DEBUG [main][HikariConfig.java:946] - Driver class com.mysql.cj.jdbc.Driver found in Thread context class loader sun.misc.Launcher$AppClassLoader@18b4aac2
2023-03-10 12:55:41,688 DEBUG [main][HikariConfig.java:946] - Driver class com.mysql.cj.jdbc.Driver found in Thread context class loader sun.misc.Launcher$AppClassLoader@18b4aac2
2023-03-10 12:55:41,710 DEBUG [main][MybatisPlusAutoConfiguration.java:314] - Not found configuration for registering mapper bean using @MapperScan, MapperFactoryBean and MapperScannerConfigurer.
2023-03-10 12:55:41,710 DEBUG [main][MybatisPlusAutoConfiguration.java:314] - Not found configuration for registering mapper bean using @MapperScan, MapperFactoryBean and MapperScannerConfigurer.
2023-03-10 12:55:41,763 DEBUG [main][Logger.java:49] - Property 'mapperLocations' was not specified.
2023-03-10 12:55:41,763 DEBUG [main][Logger.java:49] - Property 'mapperLocations' was not specified.
2023-03-10 12:55:42,693 DEBUG [main][MybatisConfiguration.java:128] - addMappedStatement: com.zhuoxin.content.mapper.CourseBaseMapper.insert
2023-03-10 12:55:42,693 DEBUG [main][MybatisConfiguration.java:128] - addMappedStatement: com.zhuoxin.content.mapper.CourseBaseMapper.insert
2023-03-10 12:55:42,698 DEBUG [main][MybatisConfiguration.java:128] - addMappedStatement: com.zhuoxin.content.mapper.CourseBaseMapper.delete
2023-03-10 12:55:42,698 DEBUG [main][MybatisConfiguration.java:128] - addMappedStatement: com.zhuoxin.content.mapper.CourseBaseMapper.delete
2023-03-10 12:55:42,700 DEBUG [main][MybatisConfiguration.java:128] - addMappedStatement: com.zhuoxin.content.mapper.CourseBaseMapper.deleteByMap
2023-03-10 12:55:42,700 DEBUG [main][MybatisConfiguration.java:128] - addMappedStatement: com.zhuoxin.content.mapper.CourseBaseMapper.deleteByMap
2023-03-10 12:55:42,720 DEBUG [main][MybatisConfiguration.java:128] - addMappedStatement: com.zhuoxin.content.mapper.CourseBaseMapper.deleteById
2023-03-10 12:55:42,720 DEBUG [main][MybatisConfiguration.java:128] - addMappedStatement: com.zhuoxin.content.mapper.CourseBaseMapper.deleteById
2023-03-10 12:55:42,721 DEBUG [main][MybatisConfiguration.java:128] - addMappedStatement: com.zhuoxin.content.mapper.CourseBaseMapper.deleteBatchIds
2023-03-10 12:55:42,721 DEBUG [main][MybatisConfiguration.java:128] - addMappedStatement: com.zhuoxin.content.mapper.CourseBaseMapper.deleteBatchIds
2023-03-10 12:55:42,726 DEBUG [main][MybatisConfiguration.java:128] - addMappedStatement: com.zhuoxin.content.mapper.CourseBaseMapper.update
2023-03-10 12:55:42,726 DEBUG [main][MybatisConfiguration.java:128] - addMappedStatement: com.zhuoxin.content.mapper.CourseBaseMapper.update
2023-03-10 12:55:42,728 DEBUG [main][MybatisConfiguration.java:128] - addMappedStatement: com.zhuoxin.content.mapper.CourseBaseMapper.updateById
2023-03-10 12:55:42,728 DEBUG [main][MybatisConfiguration.java:128] - addMappedStatement: com.zhuoxin.content.mapper.CourseBaseMapper.updateById
2023-03-10 12:55:42,729 DEBUG [main][MybatisConfiguration.java:128] - addMappedStatement: com.zhuoxin.content.mapper.CourseBaseMapper.selectById
2023-03-10 12:55:42,729 DEBUG [main][MybatisConfiguration.java:128] - addMappedStatement: com.zhuoxin.content.mapper.CourseBaseMapper.selectById
2023-03-10 12:55:42,731 DEBUG [main][MybatisConfiguration.java:128] - addMappedStatement: com.zhuoxin.content.mapper.CourseBaseMapper.selectBatchIds
2023-03-10 12:55:42,731 DEBUG [main][MybatisConfiguration.java:128] - addMappedStatement: com.zhuoxin.content.mapper.CourseBaseMapper.selectBatchIds
2023-03-10 12:55:42,732 DEBUG [main][MybatisConfiguration.java:128] - addMappedStatement: com.zhuoxin.content.mapper.CourseBaseMapper.selectByMap
2023-03-10 12:55:42,732 DEBUG [main][MybatisConfiguration.java:128] - addMappedStatement: com.zhuoxin.content.mapper.CourseBaseMapper.selectByMap
2023-03-10 12:55:42,734 DEBUG [main][MybatisConfiguration.java:128] - addMappedStatement: com.zhuoxin.content.mapper.CourseBaseMapper.selectOne
2023-03-10 12:55:42,734 DEBUG [main][MybatisConfiguration.java:128] - addMappedStatement: com.zhuoxin.content.mapper.CourseBaseMapper.selectOne
2023-03-10 12:55:42,736 DEBUG [main][MybatisConfiguration.java:128] - addMappedStatement: com.zhuoxin.content.mapper.CourseBaseMapper.selectCount
2023-03-10 12:55:42,736 DEBUG [main][MybatisConfiguration.java:128] - addMappedStatement: com.zhuoxin.content.mapper.CourseBaseMapper.selectCount
2023-03-10 12:55:42,739 DEBUG [main][MybatisConfiguration.java:128] - addMappedStatement: com.zhuoxin.content.mapper.CourseBaseMapper.selectMaps
2023-03-10 12:55:42,739 DEBUG [main][MybatisConfiguration.java:128] - addMappedStatement: com.zhuoxin.content.mapper.CourseBaseMapper.selectMaps
2023-03-10 12:55:42,741 DEBUG [main][MybatisConfiguration.java:128] - addMappedStatement: com.zhuoxin.content.mapper.CourseBaseMapper.selectMapsPage
2023-03-10 12:55:42,741 DEBUG [main][MybatisConfiguration.java:128] - addMappedStatement: com.zhuoxin.content.mapper.CourseBaseMapper.selectMapsPage
2023-03-10 12:55:42,743 DEBUG [main][MybatisConfiguration.java:128] - addMappedStatement: com.zhuoxin.content.mapper.CourseBaseMapper.selectObjs
2023-03-10 12:55:42,743 DEBUG [main][MybatisConfiguration.java:128] - addMappedStatement: com.zhuoxin.content.mapper.CourseBaseMapper.selectObjs
2023-03-10 12:55:42,744 DEBUG [main][MybatisConfiguration.java:128] - addMappedStatement: com.zhuoxin.content.mapper.CourseBaseMapper.selectList
2023-03-10 12:55:42,744 DEBUG [main][MybatisConfiguration.java:128] - addMappedStatement: com.zhuoxin.content.mapper.CourseBaseMapper.selectList
2023-03-10 12:55:42,746 DEBUG [main][MybatisConfiguration.java:128] - addMappedStatement: com.zhuoxin.content.mapper.CourseBaseMapper.selectPage
2023-03-10 12:55:42,746 DEBUG [main][MybatisConfiguration.java:128] - addMappedStatement: com.zhuoxin.content.mapper.CourseBaseMapper.selectPage
2023-03-10 12:55:42,761 INFO [main][StartupInfoLogger.java:61] - Started XuechengPlusContentServiceApplication in 2.064 seconds (JVM running for 3.232)
2023-03-10 12:55:42,761 INFO [main][StartupInfoLogger.java:61] - Started XuechengPlusContentServiceApplication in 2.064 seconds (JVM running for 3.232)
2023-03-10 12:56:59,882 INFO [main][StartupInfoLogger.java:55] - Starting XuechengPlusContentServiceApplication on LAPTOP-I3SPG6LV with PID 20724 (D:\SpringBoot\xuecheng-plus\xuecheng-plus-content\xuecheng-plus-content-service\target\classes started by 卓鑫 in D:\SpringBoot\xuecheng-plus)
2023-03-10 12:56:59,882 INFO [main][StartupInfoLogger.java:55] - Starting XuechengPlusContentServiceApplication on LAPTOP-I3SPG6LV with PID 20724 (D:\SpringBoot\xuecheng-plus\xuecheng-plus-content\xuecheng-plus-content-service\target\classes started by 卓鑫 in D:\SpringBoot\xuecheng-plus)
2023-03-10 12:56:59,887 DEBUG [main][StartupInfoLogger.java:56] - Running with Spring Boot v2.3.7.RELEASE, Spring v5.2.12.RELEASE
2023-03-10 12:56:59,887 DEBUG [main][StartupInfoLogger.java:56] - Running with Spring Boot v2.3.7.RELEASE, Spring v5.2.12.RELEASE
2023-03-10 12:56:59,888 INFO [main][SpringApplication.java:651] - No active profile set, falling back to default profiles: default
2023-03-10 12:56:59,888 INFO [main][SpringApplication.java:651] - No active profile set, falling back to default profiles: default
2023-03-10 12:57:00,249 DEBUG [main][MybatisPlusAutoConfiguration.java:278] - Searching for mappers annotated with @Mapper
2023-03-10 12:57:00,249 DEBUG [main][MybatisPlusAutoConfiguration.java:278] - Searching for mappers annotated with @Mapper
2023-03-10 12:57:00,251 DEBUG [main][MybatisPlusAutoConfiguration.java:282] - Using auto-configuration base package 'com.zhuoxin'
2023-03-10 12:57:00,251 DEBUG [main][MybatisPlusAutoConfiguration.java:282] - Using auto-configuration base package 'com.zhuoxin'
2023-03-10 12:57:00,311 DEBUG [main][LogFactory.java:105] - Logging initialized using 'class org.apache.ibatis.logging.slf4j.Slf4jImpl' adapter.
2023-03-10 12:57:00,311 DEBUG [main][LogFactory.java:105] - Logging initialized using 'class org.apache.ibatis.logging.slf4j.Slf4jImpl' adapter.
2023-03-10 12:57:00,467 DEBUG [main][HikariConfig.java:946] - Driver class com.mysql.cj.jdbc.Driver found in Thread context class loader sun.misc.Launcher$AppClassLoader@18b4aac2
2023-03-10 12:57:00,467 DEBUG [main][HikariConfig.java:946] - Driver class com.mysql.cj.jdbc.Driver found in Thread context class loader sun.misc.Launcher$AppClassLoader@18b4aac2
2023-03-10 12:57:00,490 DEBUG [main][MybatisPlusAutoConfiguration.java:314] - Not found configuration for registering mapper bean using @MapperScan, MapperFactoryBean and MapperScannerConfigurer.
2023-03-10 12:57:00,490 DEBUG [main][MybatisPlusAutoConfiguration.java:314] - Not found configuration for registering mapper bean using @MapperScan, MapperFactoryBean and MapperScannerConfigurer.
2023-03-10 12:57:00,547 DEBUG [main][Logger.java:49] - Property 'mapperLocations' was not specified.
2023-03-10 12:57:00,547 DEBUG [main][Logger.java:49] - Property 'mapperLocations' was not specified.
2023-03-10 12:57:01,522 DEBUG [main][MybatisConfiguration.java:128] - addMappedStatement: com.zhuoxin.content.mapper.CourseBaseMapper.insert
2023-03-10 12:57:01,522 DEBUG [main][MybatisConfiguration.java:128] - addMappedStatement: com.zhuoxin.content.mapper.CourseBaseMapper.insert
2023-03-10 12:57:01,526 DEBUG [main][MybatisConfiguration.java:128] - addMappedStatement: com.zhuoxin.content.mapper.CourseBaseMapper.delete
2023-03-10 12:57:01,526 DEBUG [main][MybatisConfiguration.java:128] - addMappedStatement: com.zhuoxin.content.mapper.CourseBaseMapper.delete
2023-03-10 12:57:01,529 DEBUG [main][MybatisConfiguration.java:128] - addMappedStatement: com.zhuoxin.content.mapper.CourseBaseMapper.deleteByMap
2023-03-10 12:57:01,529 DEBUG [main][MybatisConfiguration.java:128] - addMappedStatement: com.zhuoxin.content.mapper.CourseBaseMapper.deleteByMap
2023-03-10 12:57:01,547 DEBUG [main][MybatisConfiguration.java:128] - addMappedStatement: com.zhuoxin.content.mapper.CourseBaseMapper.deleteById
2023-03-10 12:57:01,547 DEBUG [main][MybatisConfiguration.java:128] - addMappedStatement: com.zhuoxin.content.mapper.CourseBaseMapper.deleteById
2023-03-10 12:57:01,549 DEBUG [main][MybatisConfiguration.java:128] - addMappedStatement: com.zhuoxin.content.mapper.CourseBaseMapper.deleteBatchIds
2023-03-10 12:57:01,549 DEBUG [main][MybatisConfiguration.java:128] - addMappedStatement: com.zhuoxin.content.mapper.CourseBaseMapper.deleteBatchIds
2023-03-10 12:57:01,553 DEBUG [main][MybatisConfiguration.java:128] - addMappedStatement: com.zhuoxin.content.mapper.CourseBaseMapper.update
2023-03-10 12:57:01,553 DEBUG [main][MybatisConfiguration.java:128] - addMappedStatement: com.zhuoxin.content.mapper.CourseBaseMapper.update
2023-03-10 12:57:01,555 DEBUG [main][MybatisConfiguration.java:128] - addMappedStatement: com.zhuoxin.content.mapper.CourseBaseMapper.updateById
2023-03-10 12:57:01,555 DEBUG [main][MybatisConfiguration.java:128] - addMappedStatement: com.zhuoxin.content.mapper.CourseBaseMapper.updateById
2023-03-10 12:57:01,556 DEBUG [main][MybatisConfiguration.java:128] - addMappedStatement: com.zhuoxin.content.mapper.CourseBaseMapper.selectById
2023-03-10 12:57:01,556 DEBUG [main][MybatisConfiguration.java:128] - addMappedStatement: com.zhuoxin.content.mapper.CourseBaseMapper.selectById
2023-03-10 12:57:01,557 DEBUG [main][MybatisConfiguration.java:128] - addMappedStatement: com.zhuoxin.content.mapper.CourseBaseMapper.selectBatchIds
2023-03-10 12:57:01,557 DEBUG [main][MybatisConfiguration.java:128] - addMappedStatement: com.zhuoxin.content.mapper.CourseBaseMapper.selectBatchIds
2023-03-10 12:57:01,558 DEBUG [main][MybatisConfiguration.java:128] - addMappedStatement: com.zhuoxin.content.mapper.CourseBaseMapper.selectByMap
2023-03-10 12:57:01,558 DEBUG [main][MybatisConfiguration.java:128] - addMappedStatement: com.zhuoxin.content.mapper.CourseBaseMapper.selectByMap
2023-03-10 12:57:01,561 DEBUG [main][MybatisConfiguration.java:128] - addMappedStatement: com.zhuoxin.content.mapper.CourseBaseMapper.selectOne
2023-03-10 12:57:01,561 DEBUG [main][MybatisConfiguration.java:128] - addMappedStatement: com.zhuoxin.content.mapper.CourseBaseMapper.selectOne
2023-03-10 12:57:01,563 DEBUG [main][MybatisConfiguration.java:128] - addMappedStatement: com.zhuoxin.content.mapper.CourseBaseMapper.selectCount
2023-03-10 12:57:01,563 DEBUG [main][MybatisConfiguration.java:128] - addMappedStatement: com.zhuoxin.content.mapper.CourseBaseMapper.selectCount
2023-03-10 12:57:01,565 DEBUG [main][MybatisConfiguration.java:128] - addMappedStatement: com.zhuoxin.content.mapper.CourseBaseMapper.selectMaps
2023-03-10 12:57:01,565 DEBUG [main][MybatisConfiguration.java:128] - addMappedStatement: com.zhuoxin.content.mapper.CourseBaseMapper.selectMaps
2023-03-10 12:57:01,568 DEBUG [main][MybatisConfiguration.java:128] - addMappedStatement: com.zhuoxin.content.mapper.CourseBaseMapper.selectMapsPage
2023-03-10 12:57:01,568 DEBUG [main][MybatisConfiguration.java:128] - addMappedStatement: com.zhuoxin.content.mapper.CourseBaseMapper.selectMapsPage
2023-03-10 12:57:01,570 DEBUG [main][MybatisConfiguration.java:128] - addMappedStatement: com.zhuoxin.content.mapper.CourseBaseMapper.selectObjs
2023-03-10 12:57:01,570 DEBUG [main][MybatisConfiguration.java:128] - addMappedStatement: com.zhuoxin.content.mapper.CourseBaseMapper.selectObjs
2023-03-10 12:57:01,572 DEBUG [main][MybatisConfiguration.java:128] - addMappedStatement: com.zhuoxin.content.mapper.CourseBaseMapper.selectList
2023-03-10 12:57:01,572 DEBUG [main][MybatisConfiguration.java:128] - addMappedStatement: com.zhuoxin.content.mapper.CourseBaseMapper.selectList
2023-03-10 12:57:01,573 DEBUG [main][MybatisConfiguration.java:128] - addMappedStatement: com.zhuoxin.content.mapper.CourseBaseMapper.selectPage
2023-03-10 12:57:01,573 DEBUG [main][MybatisConfiguration.java:128] - addMappedStatement: com.zhuoxin.content.mapper.CourseBaseMapper.selectPage
2023-03-10 12:57:01,588 INFO [main][StartupInfoLogger.java:61] - Started XuechengPlusContentServiceApplication in 2.147 seconds (JVM running for 3.38)
2023-03-10 12:57:01,588 INFO [main][StartupInfoLogger.java:61] - Started XuechengPlusContentServiceApplication in 2.147 seconds (JVM running for 3.38)
2023-03-10 12:59:11,100 INFO [main][StartupInfoLogger.java:55] - Starting XuechengPlusContentServiceApplication on LAPTOP-I3SPG6LV with PID 22652 (D:\SpringBoot\xuecheng-plus\xuecheng-plus-content\xuecheng-plus-content-service\target\classes started by 卓鑫 in D:\SpringBoot\xuecheng-plus)
2023-03-10 12:59:11,100 INFO [main][StartupInfoLogger.java:55] - Starting XuechengPlusContentServiceApplication on LAPTOP-I3SPG6LV with PID 22652 (D:\SpringBoot\xuecheng-plus\xuecheng-plus-content\xuecheng-plus-content-service\target\classes started by 卓鑫 in D:\SpringBoot\xuecheng-plus)
2023-03-10 12:59:11,105 DEBUG [main][StartupInfoLogger.java:56] - Running with Spring Boot v2.3.7.RELEASE, Spring v5.2.12.RELEASE
2023-03-10 12:59:11,105 DEBUG [main][StartupInfoLogger.java:56] - Running with Spring Boot v2.3.7.RELEASE, Spring v5.2.12.RELEASE
2023-03-10 12:59:11,106 INFO [main][SpringApplication.java:651] - No active profile set, falling back to default profiles: default
2023-03-10 12:59:11,106 INFO [main][SpringApplication.java:651] - No active profile set, falling back to default profiles: default
2023-03-10 12:59:11,444 DEBUG [main][MybatisPlusAutoConfiguration.java:278] - Searching for mappers annotated with @Mapper
2023-03-10 12:59:11,444 DEBUG [main][MybatisPlusAutoConfiguration.java:278] - Searching for mappers annotated with @Mapper
2023-03-10 12:59:11,445 DEBUG [main][MybatisPlusAutoConfiguration.java:282] - Using auto-configuration base package 'com.zhuoxin'
2023-03-10 12:59:11,445 DEBUG [main][MybatisPlusAutoConfiguration.java:282] - Using auto-configuration base package 'com.zhuoxin'
2023-03-10 12:59:11,499 DEBUG [main][LogFactory.java:105] - Logging initialized using 'class org.apache.ibatis.logging.slf4j.Slf4jImpl' adapter.
2023-03-10 12:59:11,499 DEBUG [main][LogFactory.java:105] - Logging initialized using 'class org.apache.ibatis.logging.slf4j.Slf4jImpl' adapter.
2023-03-10 12:59:11,643 DEBUG [main][HikariConfig.java:946] - Driver class com.mysql.cj.jdbc.Driver found in Thread context class loader sun.misc.Launcher$AppClassLoader@18b4aac2
2023-03-10 12:59:11,643 DEBUG [main][HikariConfig.java:946] - Driver class com.mysql.cj.jdbc.Driver found in Thread context class loader sun.misc.Launcher$AppClassLoader@18b4aac2
2023-03-10 12:59:11,661 DEBUG [main][MybatisPlusAutoConfiguration.java:314] - Not found configuration for registering mapper bean using @MapperScan, MapperFactoryBean and MapperScannerConfigurer.
2023-03-10 12:59:11,661 DEBUG [main][MybatisPlusAutoConfiguration.java:314] - Not found configuration for registering mapper bean using @MapperScan, MapperFactoryBean and MapperScannerConfigurer.
2023-03-10 12:59:11,716 DEBUG [main][Logger.java:49] - Property 'mapperLocations' was not specified.
2023-03-10 12:59:11,716 DEBUG [main][Logger.java:49] - Property 'mapperLocations' was not specified.
2023-03-10 12:59:12,538 DEBUG [main][MybatisConfiguration.java:128] - addMappedStatement: com.zhuoxin.content.mapper.CourseBaseMapper.insert
2023-03-10 12:59:12,538 DEBUG [main][MybatisConfiguration.java:128] - addMappedStatement: com.zhuoxin.content.mapper.CourseBaseMapper.insert
2023-03-10 12:59:12,543 DEBUG [main][MybatisConfiguration.java:128] - addMappedStatement: com.zhuoxin.content.mapper.CourseBaseMapper.delete
2023-03-10 12:59:12,543 DEBUG [main][MybatisConfiguration.java:128] - addMappedStatement: com.zhuoxin.content.mapper.CourseBaseMapper.delete
2023-03-10 12:59:12,545 DEBUG [main][MybatisConfiguration.java:128] - addMappedStatement: com.zhuoxin.content.mapper.CourseBaseMapper.deleteByMap
2023-03-10 12:59:12,545 DEBUG [main][MybatisConfiguration.java:128] - addMappedStatement: com.zhuoxin.content.mapper.CourseBaseMapper.deleteByMap
2023-03-10 12:59:12,562 DEBUG [main][MybatisConfiguration.java:128] - addMappedStatement: com.zhuoxin.content.mapper.CourseBaseMapper.deleteById
2023-03-10 12:59:12,562 DEBUG [main][MybatisConfiguration.java:128] - addMappedStatement: com.zhuoxin.content.mapper.CourseBaseMapper.deleteById
2023-03-10 12:59:12,564 DEBUG [main][MybatisConfiguration.java:128] - addMappedStatement: com.zhuoxin.content.mapper.CourseBaseMapper.deleteBatchIds
2023-03-10 12:59:12,564 DEBUG [main][MybatisConfiguration.java:128] - addMappedStatement: com.zhuoxin.content.mapper.CourseBaseMapper.deleteBatchIds
2023-03-10 12:59:12,568 DEBUG [main][MybatisConfiguration.java:128] - addMappedStatement: com.zhuoxin.content.mapper.CourseBaseMapper.update
2023-03-10 12:59:12,568 DEBUG [main][MybatisConfiguration.java:128] - addMappedStatement: com.zhuoxin.content.mapper.CourseBaseMapper.update
2023-03-10 12:59:12,571 DEBUG [main][MybatisConfiguration.java:128] - addMappedStatement: com.zhuoxin.content.mapper.CourseBaseMapper.updateById
2023-03-10 12:59:12,571 DEBUG [main][MybatisConfiguration.java:128] - addMappedStatement: com.zhuoxin.content.mapper.CourseBaseMapper.updateById
2023-03-10 12:59:12,571 DEBUG [main][MybatisConfiguration.java:128] - addMappedStatement: com.zhuoxin.content.mapper.CourseBaseMapper.selectById
2023-03-10 12:59:12,571 DEBUG [main][MybatisConfiguration.java:128] - addMappedStatement: com.zhuoxin.content.mapper.CourseBaseMapper.selectById
2023-03-10 12:59:12,573 DEBUG [main][MybatisConfiguration.java:128] - addMappedStatement: com.zhuoxin.content.mapper.CourseBaseMapper.selectBatchIds
2023-03-10 12:59:12,573 DEBUG [main][MybatisConfiguration.java:128] - addMappedStatement: com.zhuoxin.content.mapper.CourseBaseMapper.selectBatchIds
2023-03-10 12:59:12,574 DEBUG [main][MybatisConfiguration.java:128] - addMappedStatement: com.zhuoxin.content.mapper.CourseBaseMapper.selectByMap
2023-03-10 12:59:12,574 DEBUG [main][MybatisConfiguration.java:128] - addMappedStatement: com.zhuoxin.content.mapper.CourseBaseMapper.selectByMap
2023-03-10 12:59:12,576 DEBUG [main][MybatisConfiguration.java:128] - addMappedStatement: com.zhuoxin.content.mapper.CourseBaseMapper.selectOne
2023-03-10 12:59:12,576 DEBUG [main][MybatisConfiguration.java:128] - addMappedStatement: com.zhuoxin.content.mapper.CourseBaseMapper.selectOne
2023-03-10 12:59:12,578 DEBUG [main][MybatisConfiguration.java:128] - addMappedStatement: com.zhuoxin.content.mapper.CourseBaseMapper.selectCount
2023-03-10 12:59:12,578 DEBUG [main][MybatisConfiguration.java:128] - addMappedStatement: com.zhuoxin.content.mapper.CourseBaseMapper.selectCount
2023-03-10 12:59:12,580 DEBUG [main][MybatisConfiguration.java:128] - addMappedStatement: com.zhuoxin.content.mapper.CourseBaseMapper.selectMaps
2023-03-10 12:59:12,580 DEBUG [main][MybatisConfiguration.java:128] - addMappedStatement: com.zhuoxin.content.mapper.CourseBaseMapper.selectMaps
2023-03-10 12:59:12,582 DEBUG [main][MybatisConfiguration.java:128] - addMappedStatement: com.zhuoxin.content.mapper.CourseBaseMapper.selectMapsPage
2023-03-10 12:59:12,582 DEBUG [main][MybatisConfiguration.java:128] - addMappedStatement: com.zhuoxin.content.mapper.CourseBaseMapper.selectMapsPage
2023-03-10 12:59:12,584 DEBUG [main][MybatisConfiguration.java:128] - addMappedStatement: com.zhuoxin.content.mapper.CourseBaseMapper.selectObjs
2023-03-10 12:59:12,584 DEBUG [main][MybatisConfiguration.java:128] - addMappedStatement: com.zhuoxin.content.mapper.CourseBaseMapper.selectObjs
2023-03-10 12:59:12,585 DEBUG [main][MybatisConfiguration.java:128] - addMappedStatement: com.zhuoxin.content.mapper.CourseBaseMapper.selectList
2023-03-10 12:59:12,585 DEBUG [main][MybatisConfiguration.java:128] - addMappedStatement: com.zhuoxin.content.mapper.CourseBaseMapper.selectList
2023-03-10 12:59:12,587 DEBUG [main][MybatisConfiguration.java:128] - addMappedStatement: com.zhuoxin.content.mapper.CourseBaseMapper.selectPage
2023-03-10 12:59:12,587 DEBUG [main][MybatisConfiguration.java:128] - addMappedStatement: com.zhuoxin.content.mapper.CourseBaseMapper.selectPage
2023-03-10 12:59:12,601 INFO [main][StartupInfoLogger.java:61] - Started XuechengPlusContentServiceApplication in 1.911 seconds (JVM running for 3.049)
2023-03-10 12:59:12,601 INFO [main][StartupInfoLogger.java:61] - Started XuechengPlusContentServiceApplication in 1.911 seconds (JVM running for 3.049)
